#
# There is insufficient memory for the Java Runtime Environment to continue.
# Native memory allocation (malloc) failed to allocate 1388016 bytes for Chunk::new
# Possible reasons:
#   The system is out of physical RAM or swap space
#   In 32 bit mode, the process size limit was hit
# Possible solutions:
#   Reduce memory load on the system
#   Increase physical memory or swap space
#   Check if swap backing store is full
#   Use 64 bit Java on a 64 bit OS
#   Decrease Java heap size (-Xmx/-Xms)
#   Decrease number of Java threads
#   Decrease Java thread stack sizes (-Xss)
#   Set larger code cache with -XX:ReservedCodeCacheSize=
# This output file may be truncated or incomplete.
#
#  Out of Memory Error (allocation.cpp:390), pid=9228, tid=10712
#
# JRE version: Java(TM) SE Runtime Environment (8.0_25-b18) (build 1.8.0_25-b18)
# Java VM: Java HotSpot(TM) 64-Bit Server VM (25.25-b02 mixed mode windows-amd64 compressed oops)
# Failed to write core dump. Minidumps are not enabled by default on client versions of Windows
#

---------------  T H R E A D  ---------------

Current thread (0x0000000015f6f000):  JavaThread "C2 CompilerThread1" daemon [_thread_in_native, id=10712, stack(0x0000000016330000,0x0000000016430000)]

Stack: [0x0000000016330000,0x0000000016430000]
Native frames: (J=compiled Java code, j=interpreted, Vv=VM code, C=native code)
V  [jvm.dll+0x31667a]
V  [jvm.dll+0x267073]
V  [jvm.dll+0x267cb3]
V  [jvm.dll+0x25f5b5]
V  [jvm.dll+0xbf165]
V  [jvm.dll+0xbf60c]
V  [jvm.dll+0x45d672]
V  [jvm.dll+0x49e8ef]
V  [jvm.dll+0x4524ef]
V  [jvm.dll+0x453864]
V  [jvm.dll+0x437372]
V  [jvm.dll+0x98a02]
V  [jvm.dll+0x991f3]
V  [jvm.dll+0x22bde4]
V  [jvm.dll+0x2852fa]
C  [msvcr100.dll+0x21d9f]
C  [msvcr100.dll+0x21e3b]
C  [KERNEL32.DLL+0x13d2]
C  [ntdll.dll+0x154e4]


Current CompileTask:
C2:   6395 2236   !   4       com.android.dx.cf.code.RopperMachine::run (1550 bytes)


---------------  P R O C E S S  ---------------

Java Threads: ( => current thread )
  0x0000000016215000 JavaThread "pool-2-thread-4" [_thread_in_Java, id=332, stack(0x0000000018300000,0x0000000018400000)]
  0x0000000016214000 JavaThread "pool-2-thread-3" [_thread_in_Java, id=3696, stack(0x0000000018200000,0x0000000018300000)]
  0x0000000016efa000 JavaThread "pool-2-thread-2" [_thread_in_Java, id=10924, stack(0x0000000018100000,0x0000000018200000)]
  0x0000000016ef9800 JavaThread "pool-3-thread-1" [_thread_blocked, id=7256, stack(0x0000000018000000,0x0000000018100000)]
  0x0000000016f30800 JavaThread "pool-2-thread-1" [_thread_in_Java, id=6512, stack(0x0000000017f00000,0x0000000018000000)]
  0x0000000015fc5800 JavaThread "Service Thread" daemon [_thread_blocked, id=6984, stack(0x0000000016530000,0x0000000016630000)]
  0x0000000015f84000 JavaThread "C1 CompilerThread2" daemon [_thread_blocked, id=8076, stack(0x0000000016430000,0x0000000016530000)]
=>0x0000000015f6f000 JavaThread "C2 CompilerThread1" daemon [_thread_in_native, id=10712, stack(0x0000000016330000,0x0000000016430000)]
  0x000000001493b800 JavaThread "C2 CompilerThread0" daemon [_thread_in_native, id=10596, stack(0x0000000015e30000,0x0000000015f30000)]
  0x000000001493a800 JavaThread "Attach Listener" daemon [_thread_blocked, id=12016, stack(0x0000000015d30000,0x0000000015e30000)]
  0x00000000148ef800 JavaThread "Signal Dispatcher" daemon [_thread_blocked, id=10484, stack(0x0000000015c30000,0x0000000015d30000)]
  0x0000000002107000 JavaThread "Finalizer" daemon [_thread_blocked, id=4968, stack(0x0000000015b30000,0x0000000015c30000)]
  0x00000000020fe000 JavaThread "Reference Handler" daemon [_thread_blocked, id=11476, stack(0x0000000015a30000,0x0000000015b30000)]
  0x000000000220e000 JavaThread "main" [_thread_in_Java, id=3572, stack(0x0000000001c00000,0x0000000001d00000)]

Other Threads:
  0x00000000148a6800 VMThread [stack: 0x0000000015930000,0x0000000015a30000] [id=11096]
  0x0000000015fca000 WatcherThread [stack: 0x0000000016630000,0x0000000016730000] [id=10444]

VM state:not at safepoint (normal execution)

VM Mutex/Monitor currently owned by a thread: None

Heap:
 PSYoungGen      total 151552K, used 133530K [0x00000000eab00000, 0x00000000fe900000, 0x0000000100000000)
  eden space 131072K, 86% used [0x00000000eab00000,0x00000000f196a168,0x00000000f2b00000)
  from space 20480K, 99% used [0x00000000f2b00000,0x00000000f3efc790,0x00000000f3f00000)
  to   space 31744K, 0% used [0x00000000fca00000,0x00000000fca00000,0x00000000fe900000)
 ParOldGen       total 87552K, used 35094K [0x00000000c0000000, 0x00000000c5580000, 0x00000000eab00000)
  object space 87552K, 40% used [0x00000000c0000000,0x00000000c2245920,0x00000000c5580000)
 Metaspace       used 6516K, capacity 7256K, committed 7424K, reserved 1056768K
  class space    used 615K, capacity 656K, committed 768K, reserved 1048576K

Card table byte_map: [0x00000000115d0000,0x00000000117e0000] byte_map_base: 0x0000000010fd0000

Marking Bits: (ParMarkBitMap*) 0x0000000052a2d490
 Begin Bits: [0x0000000011d40000, 0x0000000012d40000)
 End Bits:   [0x0000000012d40000, 0x0000000013d40000)

Polling page: 0x0000000000330000

CodeCache: size=245760Kb used=8965Kb max_used=8965Kb free=236794Kb
 bounds [0x0000000002210000, 0x0000000002ae0000, 0x0000000011210000]
 total_blobs=2411 nmethods=2144 adapters=180
 compilation: enabled

Compilation events (10 events):
Event: 6.247 Thread 0x0000000015f84000 2280       2       java.util.TimSort::countRunAndMakeAscending (128 bytes)
Event: 6.248 Thread 0x0000000015f84000 nmethod 2280 0x0000000002ac8010 code [0x0000000002ac81c0, 0x0000000002ac8728]
Event: 6.248 Thread 0x0000000015f84000 2281       2       com.android.dx.dex.code.RopTranslator$TranslationVisitor::addOutputSuffix (9 bytes)
Event: 6.249 Thread 0x0000000015f84000 nmethod 2281 0x0000000002ac8b90 code [0x0000000002ac8d00, 0x0000000002ac8f88]
Event: 6.249 Thread 0x0000000015f84000 2282       2       com.android.dx.dex.code.OutputCollector::addSuffix (10 bytes)
Event: 6.249 Thread 0x0000000015f84000 nmethod 2282 0x0000000002ac91d0 code [0x0000000002ac9340, 0x0000000002ac95c8]
Event: 6.250 Thread 0x0000000015f84000 2283       1       com.android.dx.cf.attrib.AttExceptions::getExceptions (5 bytes)
Event: 6.250 Thread 0x0000000015f84000 nmethod 2283 0x0000000002ac9810 code [0x0000000002ac9960, 0x0000000002ac9a70]
Event: 6.250 Thread 0x0000000015f84000 2284       2       com.android.dx.cf.code.ByteCatchList$Item::<init> (69 bytes)
Event: 6.251 Thread 0x0000000015f84000 nmethod 2284 0x0000000002ac9ad0 code [0x0000000002ac9c60, 0x0000000002ac9f88]

GC Heap History (10 events):
Event: 2.264 GC heap before
{Heap before GC invocations=3 (full 0):
 PSYoungGen      total 38400K, used 38386K [0x00000000eab00000, 0x00000000ef600000, 0x0000000100000000)
  eden space 33280K, 100% used [0x00000000eab00000,0x00000000ecb80000,0x00000000ecb80000)
  from space 5120K, 99% used [0x00000000ed080000,0x00000000ed57cae8,0x00000000ed580000)
  to   space 5120K, 0% used [0x00000000ecb80000,0x00000000ecb80000,0x00000000ed080000)
 ParOldGen       total 87552K, used 1124K [0x00000000c0000000, 0x00000000c5580000, 0x00000000eab00000)
  object space 87552K, 1% used [0x00000000c0000000,0x00000000c0119210,0x00000000c5580000)
 Metaspace       used 6154K, capacity 7024K, committed 7296K, reserved 1056768K
  class space    used 594K, capacity 616K, committed 640K, reserved 1048576K
Event: 2.323 GC heap after
Heap after GC invocations=3 (full 0):
 PSYoungGen      total 38400K, used 5118K [0x00000000eab00000, 0x00000000ef600000, 0x0000000100000000)
  eden space 33280K, 0% used [0x00000000eab00000,0x00000000eab00000,0x00000000ecb80000)
  from space 5120K, 99% used [0x00000000ecb80000,0x00000000ed07f910,0x00000000ed080000)
  to   space 5120K, 0% used [0x00000000ef100000,0x00000000ef100000,0x00000000ef600000)
 ParOldGen       total 87552K, used 5548K [0x00000000c0000000, 0x00000000c5580000, 0x00000000eab00000)
  object space 87552K, 6% used [0x00000000c0000000,0x00000000c056b088,0x00000000c5580000)
 Metaspace       used 6154K, capacity 7024K, committed 7296K, reserved 1056768K
  class space    used 594K, capacity 616K, committed 640K, reserved 1048576K
}
Event: 2.641 GC heap before
{Heap before GC invocations=4 (full 0):
 PSYoungGen      total 38400K, used 38398K [0x00000000eab00000, 0x00000000ef600000, 0x0000000100000000)
  eden space 33280K, 100% used [0x00000000eab00000,0x00000000ecb80000,0x00000000ecb80000)
  from space 5120K, 99% used [0x00000000ecb80000,0x00000000ed07f910,0x00000000ed080000)
  to   space 5120K, 0% used [0x00000000ef100000,0x00000000ef100000,0x00000000ef600000)
 ParOldGen       total 87552K, used 5548K [0x00000000c0000000, 0x00000000c5580000, 0x00000000eab00000)
  object space 87552K, 6% used [0x00000000c0000000,0x00000000c056b088,0x00000000c5580000)
 Metaspace       used 6254K, capacity 7088K, committed 7296K, reserved 1056768K
  class space    used 594K, capacity 616K, committed 640K, reserved 1048576K
Event: 2.665 GC heap after
Heap after GC invocations=4 (full 0):
 PSYoungGen      total 71680K, used 5095K [0x00000000eab00000, 0x00000000ef600000, 0x0000000100000000)
  eden space 66560K, 0% used [0x00000000eab00000,0x00000000eab00000,0x00000000eec00000)
  from space 5120K, 99% used [0x00000000ef100000,0x00000000ef5f9f48,0x00000000ef600000)
  to   space 5120K, 0% used [0x00000000eec00000,0x00000000eec00000,0x00000000ef100000)
 ParOldGen       total 87552K, used 10628K [0x00000000c0000000, 0x00000000c5580000, 0x00000000eab00000)
  object space 87552K, 12% used [0x00000000c0000000,0x00000000c0a61358,0x00000000c5580000)
 Metaspace       used 6254K, capacity 7088K, committed 7296K, reserved 1056768K
  class space    used 594K, capacity 616K, committed 640K, reserved 1048576K
}
Event: 3.242 GC heap before
{Heap before GC invocations=5 (full 0):
 PSYoungGen      total 71680K, used 71655K [0x00000000eab00000, 0x00000000ef600000, 0x0000000100000000)
  eden space 66560K, 100% used [0x00000000eab00000,0x00000000eec00000,0x00000000eec00000)
  from space 5120K, 99% used [0x00000000ef100000,0x00000000ef5f9f48,0x00000000ef600000)
  to   space 5120K, 0% used [0x00000000eec00000,0x00000000eec00000,0x00000000ef100000)
 ParOldGen       total 87552K, used 10628K [0x00000000c0000000, 0x00000000c5580000, 0x00000000eab00000)
  object space 87552K, 12% used [0x00000000c0000000,0x00000000c0a61358,0x00000000c5580000)
 Metaspace       used 6309K, capacity 7152K, committed 7296K, reserved 1056768K
  class space    used 595K, capacity 616K, committed 640K, reserved 1048576K
Event: 3.274 GC heap after
Heap after GC invocations=5 (full 0):
 PSYoungGen      total 71680K, used 5110K [0x00000000eab00000, 0x00000000f5100000, 0x0000000100000000)
  eden space 66560K, 0% used [0x00000000eab00000,0x00000000eab00000,0x00000000eec00000)
  from space 5120K, 99% used [0x00000000eec00000,0x00000000ef0fd878,0x00000000ef100000)
  to   space 18432K, 0% used [0x00000000f3f00000,0x00000000f3f00000,0x00000000f5100000)
 ParOldGen       total 87552K, used 20431K [0x00000000c0000000, 0x00000000c5580000, 0x00000000eab00000)
  object space 87552K, 23% used [0x00000000c0000000,0x00000000c13f3d68,0x00000000c5580000)
 Metaspace       used 6309K, capacity 7152K, committed 7296K, reserved 1056768K
  class space    used 595K, capacity 616K, committed 640K, reserved 1048576K
}
Event: 3.944 GC heap before
{Heap before GC invocations=6 (full 0):
 PSYoungGen      total 71680K, used 71670K [0x00000000eab00000, 0x00000000f5100000, 0x0000000100000000)
  eden space 66560K, 100% used [0x00000000eab00000,0x00000000eec00000,0x00000000eec00000)
  from space 5120K, 99% used [0x00000000eec00000,0x00000000ef0fd878,0x00000000ef100000)
  to   space 18432K, 0% used [0x00000000f3f00000,0x00000000f3f00000,0x00000000f5100000)
 ParOldGen       total 87552K, used 20431K [0x00000000c0000000, 0x00000000c5580000, 0x00000000eab00000)
  object space 87552K, 23% used [0x00000000c0000000,0x00000000c13f3d68,0x00000000c5580000)
 Metaspace       used 6348K, capacity 7152K, committed 7296K, reserved 1056768K
  class space    used 595K, capacity 616K, committed 640K, reserved 1048576K
Event: 4.146 GC heap after
Heap after GC invocations=6 (full 0):
 PSYoungGen      total 149504K, used 15664K [0x00000000eab00000, 0x00000000f5500000, 0x0000000100000000)
  eden space 131072K, 0% used [0x00000000eab00000,0x00000000eab00000,0x00000000f2b00000)
  from space 18432K, 84% used [0x00000000f3f00000,0x00000000f4e4c358,0x00000000f5100000)
  to   space 20480K, 0% used [0x00000000f2b00000,0x00000000f2b00000,0x00000000f3f00000)
 ParOldGen       total 87552K, used 20439K [0x00000000c0000000, 0x00000000c5580000, 0x00000000eab00000)
  object space 87552K, 23% used [0x00000000c0000000,0x00000000c13f5d68,0x00000000c5580000)
 Metaspace       used 6348K, capacity 7152K, committed 7296K, reserved 1056768K
  class space    used 595K, capacity 616K, committed 640K, reserved 1048576K
}
Event: 5.915 GC heap before
{Heap before GC invocations=7 (full 0):
 PSYoungGen      total 149504K, used 146736K [0x00000000eab00000, 0x00000000f5500000, 0x0000000100000000)
  eden space 131072K, 100% used [0x00000000eab00000,0x00000000f2b00000,0x00000000f2b00000)
  from space 18432K, 84% used [0x00000000f3f00000,0x00000000f4e4c358,0x00000000f5100000)
  to   space 20480K, 0% used [0x00000000f2b00000,0x00000000f2b00000,0x00000000f3f00000)
 ParOldGen       total 87552K, used 20439K [0x00000000c0000000, 0x00000000c5580000, 0x00000000eab00000)
  object space 87552K, 23% used [0x00000000c0000000,0x00000000c13f5d68,0x00000000c5580000)
 Metaspace       used 6408K, capacity 7216K, committed 7296K, reserved 1056768K
  class space    used 596K, capacity 616K, committed 640K, reserved 1048576K
Event: 6.007 GC heap after
Heap after GC invocations=7 (full 0):
 PSYoungGen      total 151552K, used 20465K [0x00000000eab00000, 0x00000000fe900000, 0x0000000100000000)
  eden space 131072K, 0% used [0x00000000eab00000,0x00000000eab00000,0x00000000f2b00000)
  from space 20480K, 99% used [0x00000000f2b00000,0x00000000f3efc790,0x00000000f3f00000)
  to   space 31744K, 0% used [0x00000000fca00000,0x00000000fca00000,0x00000000fe900000)
 ParOldGen       total 87552K, used 35094K [0x00000000c0000000, 0x00000000c5580000, 0x00000000eab00000)
  object space 87552K, 40% used [0x00000000c0000000,0x00000000c2245920,0x00000000c5580000)
 Metaspace       used 6408K, capacity 7216K, committed 7296K, reserved 1056768K
  class space    used 596K, capacity 616K, committed 640K, reserved 1048576K
}

Deoptimization events (10 events):
Event: 3.021 Thread 0x0000000016214000 Uncommon trap: reason=bimorphic action=maybe_recompile pc=0x000000000292663c method=com.android.dx.cf.code.BytecodeArray.parseInstruction(ILcom/android/dx/cf/code/BytecodeArray$Visitor;)I @ 971
Event: 5.810 Thread 0x0000000016f30800 Uncommon trap: reason=bimorphic action=maybe_recompile pc=0x000000000299a44c method=com.android.dx.cf.code.BytecodeArray.parseInstruction(ILcom/android/dx/cf/code/BytecodeArray$Visitor;)I @ 2281
Event: 5.810 Thread 0x0000000016f30800 Uncommon trap: reason=bimorphic action=maybe_recompile pc=0x000000000299a44c method=com.android.dx.cf.code.BytecodeArray.parseInstruction(ILcom/android/dx/cf/code/BytecodeArray$Visitor;)I @ 2281
Event: 6.022 Thread 0x0000000016214000 Uncommon trap: reason=class_check action=maybe_recompile pc=0x00000000029b044c method=com.android.dx.cf.code.RopperMachine.run(Lcom/android/dx/cf/code/Frame;II)V @ 1024
Event: 6.022 Thread 0x0000000016214000 Uncommon trap: reason=class_check action=maybe_recompile pc=0x00000000029b044c method=com.android.dx.cf.code.RopperMachine.run(Lcom/android/dx/cf/code/Frame;II)V @ 1024
Event: 6.022 Thread 0x0000000016214000 Uncommon trap: reason=class_check action=maybe_recompile pc=0x00000000029b044c method=com.android.dx.cf.code.RopperMachine.run(Lcom/android/dx/cf/code/Frame;II)V @ 1024
Event: 6.023 Thread 0x0000000016214000 Uncommon trap: reason=class_check action=maybe_recompile pc=0x00000000029b044c method=com.android.dx.cf.code.RopperMachine.run(Lcom/android/dx/cf/code/Frame;II)V @ 1024
Event: 6.027 Thread 0x0000000016214000 Uncommon trap: reason=bimorphic action=maybe_recompile pc=0x00000000027b69c0 method=com.android.dx.ssa.SCCP.setLatticeValueTo(IILcom/android/dx/rop/cst/Constant;)Z @ 43
Event: 6.028 Thread 0x0000000016214000 Uncommon trap: reason=bimorphic action=maybe_recompile pc=0x00000000027b69c0 method=com.android.dx.ssa.SCCP.setLatticeValueTo(IILcom/android/dx/rop/cst/Constant;)Z @ 43
Event: 6.042 Thread 0x0000000016214000 Uncommon trap: reason=unreached action=reinterpret pc=0x00000000027b36b0 method=java.util.HashMap.getNode(ILjava/lang/Object;)Ljava/util/HashMap$Node; @ 84

Internal exceptions (10 events):
Event: 1.630 Thread 0x0000000016214000 Implicit null exception at 0x00000000024ff277 to 0x0000000002501289
Event: 1.715 Thread 0x000000000220e000 Exception <a 'java/security/PrivilegedActionException'> (0x00000000eb504a38) thrown at [D:\re\workspace\8-2-build-windows-amd64-cygwin\jdk8u25\1677\hotspot\src\share\vm\prims\jvm.cpp, line 1312]
Event: 2.811 Thread 0x000000000220e000 Exception <a 'java/security/PrivilegedActionException'> (0x00000000ebe147d8) thrown at [D:\re\workspace\8-2-build-windows-amd64-cygwin\jdk8u25\1677\hotspot\src\share\vm\prims\jvm.cpp, line 1312]
Event: 2.828 Thread 0x0000000016215000 Implicit null exception at 0x00000000028e521c to 0x00000000028e6575
Event: 2.829 Thread 0x0000000016215000 Implicit null exception at 0x000000000262da60 to 0x000000000262dc21
Event: 3.023 Thread 0x000000000220e000 Exception <a 'java/security/PrivilegedActionException'> (0x00000000ed4b8070) thrown at [D:\re\workspace\8-2-build-windows-amd64-cygwin\jdk8u25\1677\hotspot\src\share\vm\prims\jvm.cpp, line 1312]
Event: 5.629 Thread 0x0000000016f30800 Exception <a 'java/security/PrivilegedActionException'> (0x00000000f03d66f0) thrown at [D:\re\workspace\8-2-build-windows-amd64-cygwin\jdk8u25\1677\hotspot\src\share\vm\prims\jvm.cpp, line 1312]
Event: 6.040 Thread 0x0000000016214000 Exception <a 'java/lang/ArrayIndexOutOfBoundsException': 18> (0x00000000ebabc650) thrown at [D:\re\workspace\8-2-build-windows-amd64-cygwin\jdk8u25\1677\hotspot\src\share\vm\interpreter\interpreterRuntime.cpp, line 366]
Event: 6.040 Thread 0x0000000016214000 Exception <a 'java/lang/ArrayIndexOutOfBoundsException'> (0x00000000ebabe0e8) thrown at [D:\re\workspace\8-2-build-windows-amd64-cygwin\jdk8u25\1677\hotspot\src\share\vm\runtime\sharedRuntime.cpp, line 604]
Event: 6.041 Thread 0x0000000016214000 Exception <a 'java/lang/ArrayIndexOutOfBoundsException'> (0x00000000ebabf300) thrown at [D:\re\workspace\8-2-build-windows-amd64-cygwin\jdk8u25\1677\hotspot\src\share\vm\runtime\sharedRuntime.cpp, line 604]

Events (10 events):
Event: 6.042 loading class sun/reflect/generics/reflectiveObjects/LazyReflectiveObjectGenerator
Event: 6.042 loading class sun/reflect/generics/reflectiveObjects/LazyReflectiveObjectGenerator done
Event: 6.042 loading class sun/reflect/generics/reflectiveObjects/TypeVariableImpl done
Event: 6.042 Thread 0x0000000016214000 Uncommon trap: trap_request=0xffffffad fr.pc=0x00000000027b36b0
Event: 6.042 Thread 0x0000000016214000 DEOPT PACKING pc=0x00000000027b36b0 sp=0x00000000182fe800
Event: 6.042 Thread 0x0000000016214000 DEOPT UNPACKING pc=0x000000000225556a sp=0x00000000182fe778 mode 2
Event: 6.139 Thread 0x0000000016215000 DEOPT PACKING pc=0x000000000272eca3 sp=0x00000000183fe600
Event: 6.139 Thread 0x0000000016215000 DEOPT UNPACKING pc=0x00000000022575bf sp=0x00000000183fe358 mode 0
Event: 6.228 Thread 0x0000000016214000 DEOPT PACKING pc=0x000000000272eca3 sp=0x00000000182feae0
Event: 6.228 Thread 0x0000000016214000 DEOPT UNPACKING pc=0x00000000022575bf sp=0x00000000182fe838 mode 0


Dynamic libraries:
0x00007ff6d76b0000 - 0x00007ff6d76e4000 	E:\android_develop_tools\java\jdk\bin\java.exe
0x00007ffeb8020000 - 0x00007ffeb81cd000 	C:\windows\SYSTEM32\ntdll.dll
0x00007ffeb60c0000 - 0x00007ffeb61fe000 	C:\windows\system32\KERNEL32.DLL
0x00007ffeb5240000 - 0x00007ffeb5355000 	C:\windows\system32\KERNELBASE.dll
0x00007ffeb3d10000 - 0x00007ffeb3d9e000 	C:\windows\system32\apphelp.dll
0x00007ffe9a6b0000 - 0x00007ffe9a703000 	C:\windows\AppPatch\AppPatch64\AcGenral.DLL
0x00007ffeb7cf0000 - 0x00007ffeb7d9a000 	C:\windows\system32\msvcrt.dll
0x00007ffeb4fa0000 - 0x00007ffeb4fce000 	C:\windows\SYSTEM32\SspiCli.dll
0x00007ffeb7f50000 - 0x00007ffeb7fa4000 	C:\windows\system32\SHLWAPI.dll
0x00007ffeb5f40000 - 0x00007ffeb60b7000 	C:\windows\system32\USER32.dll
0x00007ffeb56a0000 - 0x00007ffeb5834000 	C:\windows\system32\ole32.dll
0x00007ffeb66e0000 - 0x00007ffeb7c0a000 	C:\windows\system32\SHELL32.dll
0x00007ffeb4730000 - 0x00007ffeb4751000 	C:\windows\SYSTEM32\USERENV.dll
0x00007ffeb5dc0000 - 0x00007ffeb5e6a000 	C:\windows\system32\ADVAPI32.dll
0x00007ffea8d90000 - 0x00007ffea8dae000 	C:\windows\SYSTEM32\MPR.dll
0x00007ffeb5c70000 - 0x00007ffeb5db1000 	C:\windows\system32\RPCRT4.dll
0x00007ffeb7fb0000 - 0x00007ffeb8009000 	C:\windows\SYSTEM32\sechost.dll
0x00007ffeb5840000 - 0x00007ffeb5a51000 	C:\windows\SYSTEM32\combase.dll
0x00007ffeb5b20000 - 0x00007ffeb5c70000 	C:\windows\system32\GDI32.dll
0x00007ffeb5170000 - 0x00007ffeb5185000 	C:\windows\SYSTEM32\profapi.dll
0x00007ffeb36c0000 - 0x00007ffeb3772000 	C:\windows\SYSTEM32\SHCORE.dll
0x00007ffeb5e70000 - 0x00007ffeb5ea6000 	C:\windows\system32\IMM32.DLL
0x00007ffeb64b0000 - 0x00007ffeb6602000 	C:\windows\system32\MSCTF.dll
0x00007ffeb2c30000 - 0x00007ffeb2eab000 	C:\windows\WinSxS\amd64_microsoft.windows.common-controls_6595b64144ccf1df_6.0.9600.18006_none_623f33d3ecbe86e8\COMCTL32.dll
0x0000000052170000 - 0x0000000052242000 	E:\android_develop_tools\java\jdk\jre\bin\msvcr100.dll
0x0000000052250000 - 0x0000000052aaa000 	E:\android_develop_tools\java\jdk\jre\bin\server\jvm.dll
0x00007ffeaf710000 - 0x00007ffeaf719000 	C:\windows\SYSTEM32\WSOCK32.dll
0x00007ffeb1510000 - 0x00007ffeb1532000 	C:\windows\SYSTEM32\WINMM.dll
0x00007ffeb62c0000 - 0x00007ffeb62c7000 	C:\windows\system32\PSAPI.DLL
0x00007ffeb7c20000 - 0x00007ffeb7c7a000 	C:\windows\system32\WS2_32.dll
0x00007ffeb1460000 - 0x00007ffeb148a000 	C:\windows\SYSTEM32\WINMMBASE.dll
0x00007ffeb7c10000 - 0x00007ffeb7c19000 	C:\windows\system32\NSI.dll
0x00007ffeb5650000 - 0x00007ffeb569f000 	C:\windows\SYSTEM32\cfgmgr32.dll
0x00007ffeb3f60000 - 0x00007ffeb3f88000 	C:\windows\SYSTEM32\DEVOBJ.dll
0x00000000557f0000 - 0x00000000557ff000 	E:\android_develop_tools\java\jdk\jre\bin\verify.dll
0x00000000557c0000 - 0x00000000557e8000 	E:\android_develop_tools\java\jdk\jre\bin\java.dll
0x00000000557a0000 - 0x00000000557b6000 	E:\android_develop_tools\java\jdk\jre\bin\zip.dll
0x00007ffeaf140000 - 0x00007ffeaf2c9000 	C:\windows\SYSTEM32\dbghelp.dll

VM Arguments:
jvm_args: -Djava.awt.headless=true -Xmx1024M -Dfile.encoding=GBK -Duser.country=CN -Duser.language=zh -Duser.variant 
java_command: com.android.dx.command.Main --dex --force-jumbo --num-threads=4 --multi-dex --output E:\android_develop_tools\android_studio_workplace\DailyZHIHU\app\build\intermediates\transforms\dex\debug\folders\1000\1a\dependencies_36c7ac77f84ed52df6efb8e21b3a860743ebbc4c E:\android_develop_tools\android_studio_workplace\DailyZHIHU\app\build\intermediates\transforms\instantRunSlicer\debug\jars\1\1a\dependencies.jar
java_class_path (initial): E:\android_develop_tools\android-sdk-windows\build-tools\23.0.2\lib\dx.jar
Launcher Type: SUN_STANDARD

Environment Variables:
JAVA_HOME=E:\android_develop_tools\java\jdk
CLASSPATH=.;E:\android_develop_tools\java\jdk\lib
PATH=E:\tools_for_programing\myoracle\oracle11\product\11.2.0\dbhome_1\bin;E:\tools_for_programing\myoracle\oracle12\product\12.1.0\dbhome_1\bin;C:\windows\system32;C:\windows;C:\windows\system32\wbem;E:\tools_for_programing\myoracle\app\Neil\product\12.1.0\dbhome_1\bin;C:\ProgramData\Oracle\Java\javapath;E:\android_develop_tools\java\jdk\bin;C:\Program Files\Microsoft SQL Server\120\Tools\Binn\;E:\tools_for_programing\matlab2014b\runtime\win64;E:\tools_for_programing\matlab2014b\bin;E:\adt-bundle\sdk\tools;E:\tools_for_programing\nodejs\node_modules\npm;C:\Program Files\nodejs\;E:\android_develop_tools\android-studio-ide-143.2489090-windows\android-studio\gradle\gradle-2.10\bin;G:\softwaresForWorkingOrLearning\Calibre2\;C:\Program Files\Microsoft SQL Server\Client SDK\ODBC\110\Tools\Binn\;C:\Program Files (x86)\Microsoft SQL Server\120\Tools\Binn\;C:\Program Files\Microsoft SQL Server\120\DTS\Binn\;C:\Program Files (x86)\Microsoft SQL Server\120\Tools\Binn\ManagementStudio\;C:\Program Files (x86)\Microsoft SQL Server\120\DTS\Binn\;C:\Program Files (x86)\Windows Kits\8.1\Windows Performance Toolkit\;C:\Program Files\Microsoft SQL Server\110\Tools\Binn\;C:\Program Files (x86)\Microsoft SDKs\TypeScript\1.0\;E:\tools_for_programing\MinGW\bin;E:\android_develop_tools\java\jdk\bin;E:\android_develop_tools\android-sdk-windows\platform-tools;C:\Users\Neil\AppData\Roaming\npm;C:\Users\Neil\AppData\Local\atom\bin;E:\tools_for_programing\Git\bin\
USERNAME=Neil
OS=Windows_NT
PROCESSOR_IDENTIFIER=Intel64 Family 6 Model 60 Stepping 3, GenuineIntel



---------------  S Y S T E M  ---------------

OS: Windows 8.1 , 64 bit Build 9600 

CPU:total 4 (2 cores per cpu, 2 threads per core) family 6 model 60 stepping 3, cmov, cx8, fxsr, mmx, sse, sse2, sse3, ssse3, sse4.1, sse4.2, popcnt, avx, avx2, aes, clmul, erms, lzcnt, ht, tsc, tscinvbit, bmi1, bmi2

Memory: 4k page, physical 8276632k(1526512k free), swap 8276632k(4784k free)

vm_info: Java HotSpot(TM) 64-Bit Server VM (25.25-b02) for windows-amd64 JRE (1.8.0_25-b18), built on Oct  7 2014 14:25:37 by "java_re" with MS VC++ 10.0 (VS2010)

time: Wed Mar 23 17:47:46 2016
elapsed time: 6 seconds (0d 0h 0m 6s)

