#
# There is insufficient memory for the Java Runtime Environment to continue.
# Native memory allocation (malloc) failed to allocate 1048576 bytes for AllocateHeap
# Possible reasons:
#   The system is out of physical RAM or swap space
#   In 32 bit mode, the process size limit was hit
# Possible solutions:
#   Reduce memory load on the system
#   Increase physical memory or swap space
#   Check if swap backing store is full
#   Use 64 bit Java on a 64 bit OS
#   Decrease Java heap size (-Xmx/-Xms)
#   Decrease number of Java threads
#   Decrease Java thread stack sizes (-Xss)
#   Set larger code cache with -XX:ReservedCodeCacheSize=
# This output file may be truncated or incomplete.
#
#  Out of Memory Error (memory/allocation.inline.hpp:62), pid=11532, tid=3228
#
# JRE version:  (8.0_25-b18) (build )
# Java VM: Java HotSpot(TM) 64-Bit Server VM (25.25-b02 mixed mode windows-amd64 compressed oops)
# Failed to write core dump. Minidumps are not enabled by default on client versions of Windows
#

---------------  T H R E A D  ---------------

Current thread (0x000000000274e000):  JavaThread "Unknown thread" [_thread_in_vm, id=3228, stack(0x0000000002ac0000,0x0000000002bc0000)]

Stack: [0x0000000002ac0000,0x0000000002bc0000]
Native frames: (J=compiled Java code, j=interpreted, Vv=VM code, C=native code)
V  [jvm.dll+0x31667a]


---------------  P R O C E S S  ---------------

Java Threads: ( => current thread )

Other Threads:

=>0x000000000274e000 (exited) JavaThread "Unknown thread" [_thread_in_vm, id=3228, stack(0x0000000002ac0000,0x0000000002bc0000)]

VM state:not at safepoint (normal execution)

VM Mutex/Monitor currently owned by a thread: None

Heap:
 PSYoungGen      total 38400K, used 665K [0x00000000eab00000, 0x00000000ed580000, 0x0000000100000000)
  eden space 33280K, 2% used [0x00000000eab00000,0x00000000eaba6670,0x00000000ecb80000)
  from space 5120K, 0% used [0x00000000ed080000,0x00000000ed080000,0x00000000ed580000)
  to   space 5120K, 0% used [0x00000000ecb80000,0x00000000ecb80000,0x00000000ed080000)
 ParOldGen       total 87552K, used 0K [0x00000000c0000000, 0x00000000c5580000, 0x00000000eab00000)
  object space 87552K, 0% used [0x00000000c0000000,0x00000000c0000000,0x00000000c5580000)
 Metaspace       used 674K, capacity 4480K, committed 4480K, reserved 1056768K
  class space    used 66K, capacity 384K, committed 384K, reserved 1048576K

Card table byte_map: [0x0000000012080000,0x0000000012290000] byte_map_base: 0x0000000011a80000

Marking Bits: (ParMarkBitMap*) 0x0000000052a2d490
 Begin Bits: [0x00000000127f0000, 0x00000000137f0000)
 End Bits:   [0x00000000137f0000, 0x00000000147f0000)

Polling page: 0x0000000000f00000

CodeCache: size=245760Kb used=327Kb max_used=327Kb free=245432Kb
 bounds [0x0000000002cc0000, 0x0000000002f30000, 0x0000000011cc0000]
 total_blobs=56 nmethods=0 adapters=37
 compilation: enabled

Compilation events (0 events):
No events

GC Heap History (0 events):
No events

Deoptimization events (0 events):
No events

Internal exceptions (0 events):
No events

Events (10 events):
Event: 0.305 loading class java/lang/Short
Event: 0.305 loading class java/lang/Short done
Event: 0.305 loading class java/lang/Integer
Event: 0.305 loading class java/lang/Integer done
Event: 0.305 loading class java/lang/Long
Event: 0.305 loading class java/lang/Long done
Event: 0.306 loading class java/lang/NullPointerException
Event: 0.306 loading class java/lang/NullPointerException done
Event: 0.306 loading class java/lang/ArithmeticException
Event: 0.306 loading class java/lang/ArithmeticException done


Dynamic libraries:
0x00007ff6d76b0000 - 0x00007ff6d76e4000 	E:\android_develop_tools\java\jdk\bin\java.exe
0x00007ffeb8020000 - 0x00007ffeb81cd000 	C:\windows\SYSTEM32\ntdll.dll
0x00007ffeb60c0000 - 0x00007ffeb61fe000 	C:\windows\system32\KERNEL32.DLL
0x00007ffeb5240000 - 0x00007ffeb5355000 	C:\windows\system32\KERNELBASE.dll
0x00007ffeb3d10000 - 0x00007ffeb3d9e000 	C:\windows\system32\apphelp.dll
0x00007ffe9a6b0000 - 0x00007ffe9a703000 	C:\windows\AppPatch\AppPatch64\AcGenral.DLL
0x00007ffeb7cf0000 - 0x00007ffeb7d9a000 	C:\windows\system32\msvcrt.dll
0x00007ffeb4fa0000 - 0x00007ffeb4fce000 	C:\windows\SYSTEM32\SspiCli.dll
0x00007ffeb7f50000 - 0x00007ffeb7fa4000 	C:\windows\system32\SHLWAPI.dll
0x00007ffeb5f40000 - 0x00007ffeb60b7000 	C:\windows\system32\USER32.dll
0x00007ffeb56a0000 - 0x00007ffeb5834000 	C:\windows\system32\ole32.dll
0x00007ffeb66e0000 - 0x00007ffeb7c0a000 	C:\windows\system32\SHELL32.dll
0x00007ffeb4730000 - 0x00007ffeb4751000 	C:\windows\SYSTEM32\USERENV.dll
0x00007ffeb5dc0000 - 0x00007ffeb5e6a000 	C:\windows\system32\ADVAPI32.dll
0x00007ffea8d90000 - 0x00007ffea8dae000 	C:\windows\SYSTEM32\MPR.dll
0x00007ffeb5c70000 - 0x00007ffeb5db1000 	C:\windows\system32\RPCRT4.dll
0x00007ffeb7fb0000 - 0x00007ffeb8009000 	C:\windows\SYSTEM32\sechost.dll
0x00007ffeb5840000 - 0x00007ffeb5a51000 	C:\windows\SYSTEM32\combase.dll
0x00007ffeb5b20000 - 0x00007ffeb5c70000 	C:\windows\system32\GDI32.dll
0x00007ffeb5170000 - 0x00007ffeb5185000 	C:\windows\SYSTEM32\profapi.dll
0x00007ffeb36c0000 - 0x00007ffeb3772000 	C:\windows\SYSTEM32\SHCORE.dll
0x00007ffeb5e70000 - 0x00007ffeb5ea6000 	C:\windows\system32\IMM32.DLL
0x00007ffeb64b0000 - 0x00007ffeb6602000 	C:\windows\system32\MSCTF.dll
0x00007ffeb2c30000 - 0x00007ffeb2eab000 	C:\windows\WinSxS\amd64_microsoft.windows.common-controls_6595b64144ccf1df_6.0.9600.18006_none_623f33d3ecbe86e8\COMCTL32.dll
0x0000000052170000 - 0x0000000052242000 	E:\android_develop_tools\java\jdk\jre\bin\msvcr100.dll
0x0000000052250000 - 0x0000000052aaa000 	E:\android_develop_tools\java\jdk\jre\bin\server\jvm.dll
0x00007ffeaf710000 - 0x00007ffeaf719000 	C:\windows\SYSTEM32\WSOCK32.dll
0x00007ffeb1510000 - 0x00007ffeb1532000 	C:\windows\SYSTEM32\WINMM.dll
0x00007ffeb62c0000 - 0x00007ffeb62c7000 	C:\windows\system32\PSAPI.DLL
0x00007ffeb7c20000 - 0x00007ffeb7c7a000 	C:\windows\system32\WS2_32.dll
0x00007ffeb1460000 - 0x00007ffeb148a000 	C:\windows\SYSTEM32\WINMMBASE.dll
0x00007ffeb7c10000 - 0x00007ffeb7c19000 	C:\windows\system32\NSI.dll
0x00007ffeb5650000 - 0x00007ffeb569f000 	C:\windows\SYSTEM32\cfgmgr32.dll
0x00007ffeb3f60000 - 0x00007ffeb3f88000 	C:\windows\SYSTEM32\DEVOBJ.dll
0x00000000557f0000 - 0x00000000557ff000 	E:\android_develop_tools\java\jdk\jre\bin\verify.dll
0x00000000557c0000 - 0x00000000557e8000 	E:\android_develop_tools\java\jdk\jre\bin\java.dll
0x00000000557a0000 - 0x00000000557b6000 	E:\android_develop_tools\java\jdk\jre\bin\zip.dll
0x00007ffeaf140000 - 0x00007ffeaf2c9000 	C:\windows\SYSTEM32\dbghelp.dll

VM Arguments:
jvm_args: -Djava.awt.headless=true -Xmx1024M -Dfile.encoding=GBK -Duser.country=CN -Duser.language=zh -Duser.variant 
java_command: com.android.dx.command.Main --dex --force-jumbo --num-threads=4 --multi-dex --output E:\android_develop_tools\android_studio_workplace\DailyZHIHU\app\build\intermediates\transforms\dex\debug\folders\1000\5\slice_4_dd27efaafb4b94283070c0a7f675d337d5858c8c E:\android_develop_tools\android_studio_workplace\DailyZHIHU\app\build\intermediates\transforms\instantRunSlicer\debug\folders\1\5\slice_4
java_class_path (initial): E:\android_develop_tools\android-sdk-windows\build-tools\23.0.2\lib\dx.jar
Launcher Type: SUN_STANDARD

Environment Variables:
JAVA_HOME=E:\android_develop_tools\java\jdk
CLASSPATH=.;E:\android_develop_tools\java\jdk\lib
PATH=E:\tools_for_programing\myoracle\oracle11\product\11.2.0\dbhome_1\bin;E:\tools_for_programing\myoracle\oracle12\product\12.1.0\dbhome_1\bin;C:\windows\system32;C:\windows;C:\windows\system32\wbem;E:\tools_for_programing\myoracle\app\Neil\product\12.1.0\dbhome_1\bin;C:\ProgramData\Oracle\Java\javapath;E:\android_develop_tools\java\jdk\bin;C:\Program Files\Microsoft SQL Server\120\Tools\Binn\;E:\tools_for_programing\matlab2014b\runtime\win64;E:\tools_for_programing\matlab2014b\bin;E:\adt-bundle\sdk\tools;E:\tools_for_programing\nodejs\node_modules\npm;C:\Program Files\nodejs\;E:\android_develop_tools\android-studio-ide-143.2489090-windows\android-studio\gradle\gradle-2.10\bin;G:\softwaresForWorkingOrLearning\Calibre2\;C:\Program Files\Microsoft SQL Server\Client SDK\ODBC\110\Tools\Binn\;C:\Program Files (x86)\Microsoft SQL Server\120\Tools\Binn\;C:\Program Files\Microsoft SQL Server\120\DTS\Binn\;C:\Program Files (x86)\Microsoft SQL Server\120\Tools\Binn\ManagementStudio\;C:\Program Files (x86)\Microsoft SQL Server\120\DTS\Binn\;C:\Program Files (x86)\Windows Kits\8.1\Windows Performance Toolkit\;C:\Program Files\Microsoft SQL Server\110\Tools\Binn\;C:\Program Files (x86)\Microsoft SDKs\TypeScript\1.0\;E:\tools_for_programing\MinGW\bin;E:\android_develop_tools\java\jdk\bin;E:\android_develop_tools\android-sdk-windows\platform-tools;C:\Users\Neil\AppData\Roaming\npm;C:\Users\Neil\AppData\Local\atom\bin;E:\tools_for_programing\Git\bin\
USERNAME=Neil
OS=Windows_NT
PROCESSOR_IDENTIFIER=Intel64 Family 6 Model 60 Stepping 3, GenuineIntel



---------------  S Y S T E M  ---------------

OS: Windows 8.1 , 64 bit Build 9600 

CPU:total 4 (2 cores per cpu, 2 threads per core) family 6 model 60 stepping 3, cmov, cx8, fxsr, mmx, sse, sse2, sse3, ssse3, sse4.1, sse4.2, popcnt, avx, avx2, aes, clmul, erms, lzcnt, ht, tsc, tscinvbit, bmi1, bmi2

Memory: 4k page, physical 8276632k(1500832k free), swap 8276632k(4588k free)

vm_info: Java HotSpot(TM) 64-Bit Server VM (25.25-b02) for windows-amd64 JRE (1.8.0_25-b18), built on Oct  7 2014 14:25:37 by "java_re" with MS VC++ 10.0 (VS2010)

time: Wed Mar 23 17:47:46 2016
elapsed time: 0 seconds (0d 0h 0m 0s)

