#
# There is insufficient memory for the Java Runtime Environment to continue.
# Native memory allocation (malloc) failed to allocate 387376 bytes for Chunk::new
# Possible reasons:
#   The system is out of physical RAM or swap space
#   In 32 bit mode, the process size limit was hit
# Possible solutions:
#   Reduce memory load on the system
#   Increase physical memory or swap space
#   Check if swap backing store is full
#   Use 64 bit Java on a 64 bit OS
#   Decrease Java heap size (-Xmx/-Xms)
#   Decrease number of Java threads
#   Decrease Java thread stack sizes (-Xss)
#   Set larger code cache with -XX:ReservedCodeCacheSize=
# This output file may be truncated or incomplete.
#
#  Out of Memory Error (allocation.cpp:390), pid=11024, tid=10256
#
# JRE version: Java(TM) SE Runtime Environment (8.0_25-b18) (build 1.8.0_25-b18)
# Java VM: Java HotSpot(TM) 64-Bit Server VM (25.25-b02 mixed mode windows-amd64 compressed oops)
# Failed to write core dump. Minidumps are not enabled by default on client versions of Windows
#

---------------  T H R E A D  ---------------

Current thread (0x0000000016122800):  JavaThread "C2 CompilerThread0" daemon [_thread_in_native, id=10256, stack(0x00000000166e0000,0x00000000167e0000)]

Stack: [0x00000000166e0000,0x00000000167e0000]
Native frames: (J=compiled Java code, j=interpreted, Vv=VM code, C=native code)
V  [jvm.dll+0x31667a]


Current CompileTask:
C2:   4713 2107   !   4       com.android.dx.cf.code.BytecodeArray::parseInstruction (2764 bytes)


---------------  P R O C E S S  ---------------

Java Threads: ( => current thread )
  0x0000000017341000 JavaThread "pool-2-thread-4" [_thread_in_Java, id=1456, stack(0x00000000187b0000,0x00000000188b0000)]
  0x0000000016cb5000 JavaThread "pool-2-thread-3" [_thread_in_vm, id=852, stack(0x00000000186b0000,0x00000000187b0000)]
  0x0000000016c54000 JavaThread "pool-2-thread-2" [_thread_in_vm, id=5760, stack(0x00000000185b0000,0x00000000186b0000)]
  0x0000000017670800 JavaThread "pool-3-thread-1" [_thread_blocked, id=4384, stack(0x00000000184b0000,0x00000000185b0000)]
  0x0000000017160000 JavaThread "pool-2-thread-1" [_thread_in_Java, id=768, stack(0x00000000183b0000,0x00000000184b0000)]
  0x000000001613b800 JavaThread "Service Thread" daemon [_thread_blocked, id=9900, stack(0x00000000169e0000,0x0000000016ae0000)]
  0x0000000016136000 JavaThread "C1 CompilerThread2" daemon [_thread_blocked, id=1956, stack(0x00000000168e0000,0x00000000169e0000)]
  0x0000000014d9a000 JavaThread "C2 CompilerThread1" daemon [_thread_in_native, id=10344, stack(0x00000000167e0000,0x00000000168e0000)]
=>0x0000000016122800 JavaThread "C2 CompilerThread0" daemon [_thread_in_native, id=10256, stack(0x00000000166e0000,0x00000000167e0000)]
  0x0000000014d51800 JavaThread "Attach Listener" daemon [_thread_blocked, id=7424, stack(0x00000000165e0000,0x00000000166e0000)]
  0x0000000014d39800 JavaThread "Signal Dispatcher" daemon [_thread_blocked, id=7080, stack(0x00000000164e0000,0x00000000165e0000)]
  0x0000000014d08000 JavaThread "Finalizer" daemon [_thread_blocked, id=4768, stack(0x0000000015fd0000,0x00000000160d0000)]
  0x000000000265e000 JavaThread "Reference Handler" daemon [_thread_blocked, id=1516, stack(0x0000000015ed0000,0x0000000015fd0000)]
  0x000000000223e000 JavaThread "main" [_thread_in_Java, id=11280, stack(0x0000000002130000,0x0000000002230000)]

Other Threads:
  0x0000000014d06800 VMThread [stack: 0x0000000015dd0000,0x0000000015ed0000] [id=6816]
  0x0000000016146000 WatcherThread [stack: 0x0000000016ae0000,0x0000000016be0000] [id=10072]

VM state:not at safepoint (normal execution)

VM Mutex/Monitor currently owned by a thread: None

Heap:
 PSYoungGen      total 281600K, used 169177K [0x00000000eab00000, 0x00000000ffb00000, 0x0000000100000000)
  eden space 249856K, 55% used [0x00000000eab00000,0x00000000f3136658,0x00000000f9f00000)
  from space 31744K, 99% used [0x00000000fc800000,0x00000000fe6ffec8,0x00000000fe700000)
  to   space 41984K, 0% used [0x00000000f9f00000,0x00000000f9f00000,0x00000000fc800000)
 ParOldGen       total 87552K, used 43348K [0x00000000c0000000, 0x00000000c5580000, 0x00000000eab00000)
  object space 87552K, 49% used [0x00000000c0000000,0x00000000c2a552d8,0x00000000c5580000)
 Metaspace       used 6531K, capacity 7320K, committed 7680K, reserved 1056768K
  class space    used 615K, capacity 656K, committed 768K, reserved 1048576K

Card table byte_map: [0x0000000011a30000,0x0000000011c40000] byte_map_base: 0x0000000011430000

Marking Bits: (ParMarkBitMap*) 0x0000000052a2d490
 Begin Bits: [0x00000000121a0000, 0x00000000131a0000)
 End Bits:   [0x00000000131a0000, 0x00000000141a0000)

Polling page: 0x00000000009b0000

CodeCache: size=245760Kb used=8306Kb max_used=8318Kb free=237453Kb
 bounds [0x0000000002670000, 0x0000000002ea0000, 0x0000000011670000]
 total_blobs=2313 nmethods=2046 adapters=180
 compilation: enabled

Compilation events (10 events):
Event: 4.524 Thread 0x0000000016136000 2123       3       java.util.HashMap$HashIterator::nextNode (100 bytes)
Event: 4.524 Thread 0x0000000016136000 nmethod 2123 0x0000000002e74f90 code [0x0000000002e75120, 0x0000000002e755d8]
Event: 4.548 Thread 0x0000000016136000 2124       1       java.util.concurrent.ThreadPoolExecutor::afterExecute (1 bytes)
Event: 4.548 Thread 0x0000000016136000 nmethod 2124 0x0000000002e74cd0 code [0x0000000002e74e20, 0x0000000002e74f30]
Event: 4.551 Thread 0x0000000016136000 2125       1       java.util.concurrent.ThreadPoolExecutor::beforeExecute (1 bytes)
Event: 4.551 Thread 0x0000000016136000 nmethod 2125 0x0000000002e74a10 code [0x0000000002e74b60, 0x0000000002e74c70]
Event: 4.578 Thread 0x0000000016136000 2126       2       com.android.dx.ssa.back.FirstFitLocalCombiningAllocator::adjustAndMapSourceRangeRange (196 bytes)
Event: 4.579 Thread 0x0000000016136000 nmethod 2126 0x0000000002e73610 code [0x0000000002e73840, 0x0000000002e73ee8]
Event: 4.672 Thread 0x0000000016136000 2129       2       java.util.HashMap::putVal (300 bytes)
Event: 4.673 Thread 0x0000000016136000 nmethod 2129 0x0000000002e72690 code [0x0000000002e728a0, 0x0000000002e72fb8]

GC Heap History (10 events):
Event: 1.891 GC heap before
{Heap before GC invocations=4 (full 0):
 PSYoungGen      total 38400K, used 38398K [0x00000000eab00000, 0x00000000ef600000, 0x0000000100000000)
  eden space 33280K, 100% used [0x00000000eab00000,0x00000000ecb80000,0x00000000ecb80000)
  from space 5120K, 99% used [0x00000000ecb80000,0x00000000ed07f910,0x00000000ed080000)
  to   space 5120K, 0% used [0x00000000ef100000,0x00000000ef100000,0x00000000ef600000)
 ParOldGen       total 87552K, used 5535K [0x00000000c0000000, 0x00000000c5580000, 0x00000000eab00000)
  object space 87552K, 6% used [0x00000000c0000000,0x00000000c0567fc0,0x00000000c5580000)
 Metaspace       used 6268K, capacity 7152K, committed 7296K, reserved 1056768K
  class space    used 595K, capacity 616K, committed 640K, reserved 1048576K
Event: 1.920 GC heap after
Heap after GC invocations=4 (full 0):
 PSYoungGen      total 71680K, used 5104K [0x00000000eab00000, 0x00000000ef600000, 0x0000000100000000)
  eden space 66560K, 0% used [0x00000000eab00000,0x00000000eab00000,0x00000000eec00000)
  from space 5120K, 99% used [0x00000000ef100000,0x00000000ef5fc080,0x00000000ef600000)
  to   space 5120K, 0% used [0x00000000eec00000,0x00000000eec00000,0x00000000ef100000)
 ParOldGen       total 87552K, used 10339K [0x00000000c0000000, 0x00000000c5580000, 0x00000000eab00000)
  object space 87552K, 11% used [0x00000000c0000000,0x00000000c0a18c38,0x00000000c5580000)
 Metaspace       used 6268K, capacity 7152K, committed 7296K, reserved 1056768K
  class space    used 595K, capacity 616K, committed 640K, reserved 1048576K
}
Event: 2.558 GC heap before
{Heap before GC invocations=5 (full 0):
 PSYoungGen      total 71680K, used 71664K [0x00000000eab00000, 0x00000000ef600000, 0x0000000100000000)
  eden space 66560K, 100% used [0x00000000eab00000,0x00000000eec00000,0x00000000eec00000)
  from space 5120K, 99% used [0x00000000ef100000,0x00000000ef5fc080,0x00000000ef600000)
  to   space 5120K, 0% used [0x00000000eec00000,0x00000000eec00000,0x00000000ef100000)
 ParOldGen       total 87552K, used 10339K [0x00000000c0000000, 0x00000000c5580000, 0x00000000eab00000)
  object space 87552K, 11% used [0x00000000c0000000,0x00000000c0a18c38,0x00000000c5580000)
 Metaspace       used 6322K, capacity 7152K, committed 7296K, reserved 1056768K
  class space    used 596K, capacity 616K, committed 640K, reserved 1048576K
Event: 2.589 GC heap after
Heap after GC invocations=5 (full 0):
 PSYoungGen      total 71680K, used 5110K [0x00000000eab00000, 0x00000000f5000000, 0x0000000100000000)
  eden space 66560K, 0% used [0x00000000eab00000,0x00000000eab00000,0x00000000eec00000)
  from space 5120K, 99% used [0x00000000eec00000,0x00000000ef0fdaa0,0x00000000ef100000)
  to   space 17920K, 0% used [0x00000000f3e80000,0x00000000f3e80000,0x00000000f5000000)
 ParOldGen       total 87552K, used 20227K [0x00000000c0000000, 0x00000000c5580000, 0x00000000eab00000)
  object space 87552K, 23% used [0x00000000c0000000,0x00000000c13c0c88,0x00000000c5580000)
 Metaspace       used 6322K, capacity 7152K, committed 7296K, reserved 1056768K
  class space    used 596K, capacity 616K, committed 640K, reserved 1048576K
}
Event: 2.885 GC heap before
{Heap before GC invocations=6 (full 0):
 PSYoungGen      total 71680K, used 71670K [0x00000000eab00000, 0x00000000f5000000, 0x0000000100000000)
  eden space 66560K, 100% used [0x00000000eab00000,0x00000000eec00000,0x00000000eec00000)
  from space 5120K, 99% used [0x00000000eec00000,0x00000000ef0fdaa0,0x00000000ef100000)
  to   space 17920K, 0% used [0x00000000f3e80000,0x00000000f3e80000,0x00000000f5000000)
 ParOldGen       total 87552K, used 20227K [0x00000000c0000000, 0x00000000c5580000, 0x00000000eab00000)
  object space 87552K, 23% used [0x00000000c0000000,0x00000000c13c0c88,0x00000000c5580000)
 Metaspace       used 6388K, capacity 7216K, committed 7296K, reserved 1056768K
  class space    used 596K, capacity 616K, committed 640K, reserved 1048576K
Event: 2.917 GC heap after
Heap after GC invocations=6 (full 0):
 PSYoungGen      total 147968K, used 16095K [0x00000000eab00000, 0x00000000f5600000, 0x0000000100000000)
  eden space 130048K, 0% used [0x00000000eab00000,0x00000000eab00000,0x00000000f2a00000)
  from space 17920K, 89% used [0x00000000f3e80000,0x00000000f4e37f50,0x00000000f5000000)
  to   space 20992K, 0% used [0x00000000f2a00000,0x00000000f2a00000,0x00000000f3e80000)
 ParOldGen       total 87552K, used 20227K [0x00000000c0000000, 0x00000000c5580000, 0x00000000eab00000)
  object space 87552K, 23% used [0x00000000c0000000,0x00000000c13c0c88,0x00000000c5580000)
 Metaspace       used 6388K, capacity 7216K, committed 7296K, reserved 1056768K
  class space    used 596K, capacity 616K, committed 640K, reserved 1048576K
}
Event: 3.455 GC heap before
{Heap before GC invocations=7 (full 0):
 PSYoungGen      total 147968K, used 146143K [0x00000000eab00000, 0x00000000f5600000, 0x0000000100000000)
  eden space 130048K, 100% used [0x00000000eab00000,0x00000000f2a00000,0x00000000f2a00000)
  from space 17920K, 89% used [0x00000000f3e80000,0x00000000f4e37f50,0x00000000f5000000)
  to   space 20992K, 0% used [0x00000000f2a00000,0x00000000f2a00000,0x00000000f3e80000)
 ParOldGen       total 87552K, used 20227K [0x00000000c0000000, 0x00000000c5580000, 0x00000000eab00000)
  object space 87552K, 23% used [0x00000000c0000000,0x00000000c13c0c88,0x00000000c5580000)
 Metaspace       used 6423K, capacity 7216K, committed 7296K, reserved 1056768K
  class space    used 596K, capacity 616K, committed 640K, reserved 1048576K
Event: 3.514 GC heap after
Heap after GC invocations=7 (full 0):
 PSYoungGen      total 151040K, used 20966K [0x00000000eab00000, 0x00000000fe700000, 0x0000000100000000)
  eden space 130048K, 0% used [0x00000000eab00000,0x00000000eab00000,0x00000000f2a00000)
  from space 20992K, 99% used [0x00000000f2a00000,0x00000000f3e79af0,0x00000000f3e80000)
  to   space 31744K, 0% used [0x00000000fc800000,0x00000000fc800000,0x00000000fe700000)
 ParOldGen       total 87552K, used 33651K [0x00000000c0000000, 0x00000000c5580000, 0x00000000eab00000)
  object space 87552K, 38% used [0x00000000c0000000,0x00000000c20dcde8,0x00000000c5580000)
 Metaspace       used 6423K, capacity 7216K, committed 7296K, reserved 1056768K
  class space    used 596K, capacity 616K, committed 640K, reserved 1048576K
}
Event: 4.085 GC heap before
{Heap before GC invocations=8 (full 0):
 PSYoungGen      total 151040K, used 151014K [0x00000000eab00000, 0x00000000fe700000, 0x0000000100000000)
  eden space 130048K, 100% used [0x00000000eab00000,0x00000000f2a00000,0x00000000f2a00000)
  from space 20992K, 99% used [0x00000000f2a00000,0x00000000f3e79af0,0x00000000f3e80000)
  to   space 31744K, 0% used [0x00000000fc800000,0x00000000fc800000,0x00000000fe700000)
 ParOldGen       total 87552K, used 33651K [0x00000000c0000000, 0x00000000c5580000, 0x00000000eab00000)
  object space 87552K, 38% used [0x00000000c0000000,0x00000000c20dcde8,0x00000000c5580000)
 Metaspace       used 6528K, capacity 7320K, committed 7680K, reserved 1056768K
  class space    used 615K, capacity 656K, committed 768K, reserved 1048576K
Event: 4.164 GC heap after
Heap after GC invocations=8 (full 0):
 PSYoungGen      total 281600K, used 31743K [0x00000000eab00000, 0x00000000ffb00000, 0x0000000100000000)
  eden space 249856K, 0% used [0x00000000eab00000,0x00000000eab00000,0x00000000f9f00000)
  from space 31744K, 99% used [0x00000000fc800000,0x00000000fe6ffec8,0x00000000fe700000)
  to   space 41984K, 0% used [0x00000000f9f00000,0x00000000f9f00000,0x00000000fc800000)
 ParOldGen       total 87552K, used 43348K [0x00000000c0000000, 0x00000000c5580000, 0x00000000eab00000)
  object space 87552K, 49% used [0x00000000c0000000,0x00000000c2a552d8,0x00000000c5580000)
 Metaspace       used 6528K, capacity 7320K, committed 7680K, reserved 1056768K
  class space    used 615K, capacity 656K, committed 768K, reserved 1048576K
}

Deoptimization events (10 events):
Event: 3.451 Thread 0x0000000016c54000 Uncommon trap: reason=class_check action=maybe_recompile pc=0x0000000002dca718 method=com.android.dx.cf.code.RopperMachine.run(Lcom/android/dx/cf/code/Frame;II)V @ 1024
Event: 3.451 Thread 0x0000000016c54000 Uncommon trap: reason=class_check action=maybe_recompile pc=0x0000000002dca718 method=com.android.dx.cf.code.RopperMachine.run(Lcom/android/dx/cf/code/Frame;II)V @ 1024
Event: 3.451 Thread 0x0000000016c54000 Uncommon trap: reason=class_check action=maybe_recompile pc=0x0000000002dca718 method=com.android.dx.cf.code.RopperMachine.run(Lcom/android/dx/cf/code/Frame;II)V @ 1024
Event: 3.529 Thread 0x0000000016c54000 Uncommon trap: reason=bimorphic action=maybe_recompile pc=0x0000000002c3233c method=com.android.dx.ssa.SCCP.setLatticeValueTo(IILcom/android/dx/rop/cst/Constant;)Z @ 43
Event: 3.530 Thread 0x0000000016c54000 Uncommon trap: reason=bimorphic action=maybe_recompile pc=0x0000000002c3233c method=com.android.dx.ssa.SCCP.setLatticeValueTo(IILcom/android/dx/rop/cst/Constant;)Z @ 43
Event: 3.544 Thread 0x0000000016c54000 Uncommon trap: reason=unreached action=reinterpret pc=0x0000000002a08670 method=java.util.HashMap.getNode(ILjava/lang/Object;)Ljava/util/HashMap$Node; @ 84
Event: 4.215 Thread 0x0000000016cb5000 Uncommon trap: reason=bimorphic action=maybe_recompile pc=0x0000000002e1ee20 method=com.android.dx.cf.code.BytecodeArray.parseInstruction(ILcom/android/dx/cf/code/BytecodeArray$Visitor;)I @ 1161
Event: 4.215 Thread 0x0000000016cb5000 Uncommon trap: reason=bimorphic action=maybe_recompile pc=0x0000000002e1ee20 method=com.android.dx.cf.code.BytecodeArray.parseInstruction(ILcom/android/dx/cf/code/BytecodeArray$Visitor;)I @ 1161
Event: 4.263 Thread 0x0000000017341000 Uncommon trap: reason=unreached action=reinterpret pc=0x0000000002ce6dd4 method=com.android.dx.ssa.MoveParamCombiner$1.visitNonMoveInsn(Lcom/android/dx/ssa/NormalSsaInsn;)V @ 27
Event: 4.671 Thread 0x0000000017341000 Uncommon trap: reason=unreached action=reinterpret pc=0x0000000002cad07c method=java.util.HashMap.putVal(ILjava/lang/Object;Ljava/lang/Object;ZZ)Ljava/lang/Object; @ 109

Internal exceptions (10 events):
Event: 0.997 Thread 0x0000000016c54000 Exception <a 'java/security/PrivilegedActionException'> (0x00000000ec0dfe20) thrown at [D:\re\workspace\8-2-build-windows-amd64-cygwin\jdk8u25\1677\hotspot\src\share\vm\prims\jvm.cpp, line 1312]
Event: 1.086 Thread 0x0000000016c54000 Exception <a 'java/security/PrivilegedActionException'> (0x00000000ec17dd98) thrown at [D:\re\workspace\8-2-build-windows-amd64-cygwin\jdk8u25\1677\hotspot\src\share\vm\prims\jvm.cpp, line 1312]
Event: 1.094 Thread 0x0000000017341000 Exception <a 'java/security/PrivilegedActionException'> (0x00000000ec5c97d0) thrown at [D:\re\workspace\8-2-build-windows-amd64-cygwin\jdk8u25\1677\hotspot\src\share\vm\prims\jvm.cpp, line 1312]
Event: 1.343 Thread 0x0000000017160000 Implicit null exception at 0x00000000029be1b3 to 0x00000000029c0591
Event: 1.441 Thread 0x0000000016cb5000 Exception <a 'java/security/PrivilegedActionException'> (0x00000000ec011570) thrown at [D:\re\workspace\8-2-build-windows-amd64-cygwin\jdk8u25\1677\hotspot\src\share\vm\prims\jvm.cpp, line 1312]
Event: 1.994 Thread 0x000000000223e000 Exception <a 'java/security/PrivilegedActionException'> (0x00000000ebd97208) thrown at [D:\re\workspace\8-2-build-windows-amd64-cygwin\jdk8u25\1677\hotspot\src\share\vm\prims\jvm.cpp, line 1312]
Event: 2.437 Thread 0x000000000223e000 Exception <a 'java/security/PrivilegedActionException'> (0x00000000ed722e08) thrown at [D:\re\workspace\8-2-build-windows-amd64-cygwin\jdk8u25\1677\hotspot\src\share\vm\prims\jvm.cpp, line 1312]
Event: 3.542 Thread 0x0000000016c54000 Exception <a 'java/lang/ArrayIndexOutOfBoundsException': 18> (0x00000000eaef3668) thrown at [D:\re\workspace\8-2-build-windows-amd64-cygwin\jdk8u25\1677\hotspot\src\share\vm\interpreter\interpreterRuntime.cpp, line 366]
Event: 3.543 Thread 0x0000000016c54000 Exception <a 'java/lang/ArrayIndexOutOfBoundsException': 145> (0x00000000eaef5100) thrown at [D:\re\workspace\8-2-build-windows-amd64-cygwin\jdk8u25\1677\hotspot\src\share\vm\interpreter\interpreterRuntime.cpp, line 366]
Event: 3.543 Thread 0x0000000016c54000 Exception <a 'java/lang/ArrayIndexOutOfBoundsException'> (0x00000000eaef6318) thrown at [D:\re\workspace\8-2-build-windows-amd64-cygwin\jdk8u25\1677\hotspot\src\share\vm\runtime\sharedRuntime.cpp, line 604]

Events (10 events):
Event: 4.215 Thread 0x0000000016cb5000 DEOPT PACKING pc=0x0000000002e1ee20 sp=0x00000000187ae410
Event: 4.215 Thread 0x0000000016cb5000 DEOPT UNPACKING pc=0x00000000026b556a sp=0x00000000187ae3c8 mode 2
Event: 4.263 Thread 0x0000000017341000 Uncommon trap: trap_request=0xffffffad fr.pc=0x0000000002ce6dd4
Event: 4.263 Thread 0x0000000017341000 DEOPT PACKING pc=0x0000000002ce6dd4 sp=0x00000000188aeb20
Event: 4.263 Thread 0x0000000017341000 DEOPT UNPACKING pc=0x00000000026b556a sp=0x00000000188aea78 mode 2
Event: 4.386 Executing VM operation: EnableBiasedLocking
Event: 4.386 Executing VM operation: EnableBiasedLocking done
Event: 4.671 Thread 0x0000000017341000 Uncommon trap: trap_request=0xffffffad fr.pc=0x0000000002cad07c
Event: 4.671 Thread 0x0000000017341000 DEOPT PACKING pc=0x0000000002cad07c sp=0x00000000188ae8e0
Event: 4.671 Thread 0x0000000017341000 DEOPT UNPACKING pc=0x00000000026b556a sp=0x00000000188ae860 mode 2


Dynamic libraries:
0x00007ff6d76b0000 - 0x00007ff6d76e4000 	E:\android_develop_tools\java\jdk\bin\java.exe
0x00007ffeb8020000 - 0x00007ffeb81cd000 	C:\windows\SYSTEM32\ntdll.dll
0x00007ffeb60c0000 - 0x00007ffeb61fe000 	C:\windows\system32\KERNEL32.DLL
0x00007ffeb5240000 - 0x00007ffeb5355000 	C:\windows\system32\KERNELBASE.dll
0x00007ffeb3d10000 - 0x00007ffeb3d9e000 	C:\windows\system32\apphelp.dll
0x00007ffe9a710000 - 0x00007ffe9a763000 	C:\windows\AppPatch\AppPatch64\AcGenral.DLL
0x00007ffeb7cf0000 - 0x00007ffeb7d9a000 	C:\windows\system32\msvcrt.dll
0x00007ffeb4fa0000 - 0x00007ffeb4fce000 	C:\windows\SYSTEM32\SspiCli.dll
0x00007ffeb7f50000 - 0x00007ffeb7fa4000 	C:\windows\system32\SHLWAPI.dll
0x00007ffeb5f40000 - 0x00007ffeb60b7000 	C:\windows\system32\USER32.dll
0x00007ffeb56a0000 - 0x00007ffeb5834000 	C:\windows\system32\ole32.dll
0x00007ffeb66e0000 - 0x00007ffeb7c0a000 	C:\windows\system32\SHELL32.dll
0x00007ffeb4730000 - 0x00007ffeb4751000 	C:\windows\SYSTEM32\USERENV.dll
0x00007ffeb5dc0000 - 0x00007ffeb5e6a000 	C:\windows\system32\ADVAPI32.dll
0x00007ffea8d90000 - 0x00007ffea8dae000 	C:\windows\SYSTEM32\MPR.dll
0x00007ffeb5c70000 - 0x00007ffeb5db1000 	C:\windows\system32\RPCRT4.dll
0x00007ffeb7fb0000 - 0x00007ffeb8009000 	C:\windows\SYSTEM32\sechost.dll
0x00007ffeb5840000 - 0x00007ffeb5a51000 	C:\windows\SYSTEM32\combase.dll
0x00007ffeb5b20000 - 0x00007ffeb5c70000 	C:\windows\system32\GDI32.dll
0x00007ffeb5170000 - 0x00007ffeb5185000 	C:\windows\SYSTEM32\profapi.dll
0x00007ffeb36c0000 - 0x00007ffeb3772000 	C:\windows\SYSTEM32\SHCORE.dll
0x00007ffeb5e70000 - 0x00007ffeb5ea6000 	C:\windows\system32\IMM32.DLL
0x00007ffeb64b0000 - 0x00007ffeb6602000 	C:\windows\system32\MSCTF.dll
0x00007ffeb2c30000 - 0x00007ffeb2eab000 	C:\windows\WinSxS\amd64_microsoft.windows.common-controls_6595b64144ccf1df_6.0.9600.18006_none_623f33d3ecbe86e8\COMCTL32.dll
0x0000000052170000 - 0x0000000052242000 	E:\android_develop_tools\java\jdk\jre\bin\msvcr100.dll
0x0000000052250000 - 0x0000000052aaa000 	E:\android_develop_tools\java\jdk\jre\bin\server\jvm.dll
0x00007ffeaf710000 - 0x00007ffeaf719000 	C:\windows\SYSTEM32\WSOCK32.dll
0x00007ffeb1510000 - 0x00007ffeb1532000 	C:\windows\SYSTEM32\WINMM.dll
0x00007ffeb62c0000 - 0x00007ffeb62c7000 	C:\windows\system32\PSAPI.DLL
0x00007ffeb7c20000 - 0x00007ffeb7c7a000 	C:\windows\system32\WS2_32.dll
0x00007ffeb1460000 - 0x00007ffeb148a000 	C:\windows\SYSTEM32\WINMMBASE.dll
0x00007ffeb7c10000 - 0x00007ffeb7c19000 	C:\windows\system32\NSI.dll
0x00007ffeb5650000 - 0x00007ffeb569f000 	C:\windows\SYSTEM32\cfgmgr32.dll
0x00007ffeb3f60000 - 0x00007ffeb3f88000 	C:\windows\SYSTEM32\DEVOBJ.dll
0x00000000557f0000 - 0x00000000557ff000 	E:\android_develop_tools\java\jdk\jre\bin\verify.dll
0x00000000557c0000 - 0x00000000557e8000 	E:\android_develop_tools\java\jdk\jre\bin\java.dll
0x00000000557a0000 - 0x00000000557b6000 	E:\android_develop_tools\java\jdk\jre\bin\zip.dll
0x00007ffeaf140000 - 0x00007ffeaf2c9000 	C:\windows\SYSTEM32\dbghelp.dll

VM Arguments:
jvm_args: -Djava.awt.headless=true -Xmx1024M -Dfile.encoding=GBK -Duser.country=CN -Duser.language=zh -Duser.variant 
java_command: com.android.dx.command.Main --dex --force-jumbo --num-threads=4 --multi-dex --output E:\android_develop_tools\android_studio_workplace\DailyZHIHU\app\build\intermediates\transforms\dex\debug\folders\1000\1a\dependencies_36c7ac77f84ed52df6efb8e21b3a860743ebbc4c E:\android_develop_tools\android_studio_workplace\DailyZHIHU\app\build\intermediates\transforms\instantRunSlicer\debug\jars\1\1a\dependencies.jar
java_class_path (initial): E:\android_develop_tools\android-sdk-windows\build-tools\23.0.2\lib\dx.jar
Launcher Type: SUN_STANDARD

Environment Variables:
JAVA_HOME=E:\android_develop_tools\java\jdk
CLASSPATH=.;E:\android_develop_tools\java\jdk\lib
PATH=E:\tools_for_programing\myoracle\oracle11\product\11.2.0\dbhome_1\bin;E:\tools_for_programing\myoracle\oracle12\product\12.1.0\dbhome_1\bin;C:\windows\system32;C:\windows;C:\windows\system32\wbem;E:\tools_for_programing\myoracle\app\Neil\product\12.1.0\dbhome_1\bin;C:\ProgramData\Oracle\Java\javapath;E:\android_develop_tools\java\jdk\bin;C:\Program Files\Microsoft SQL Server\120\Tools\Binn\;E:\tools_for_programing\matlab2014b\runtime\win64;E:\tools_for_programing\matlab2014b\bin;E:\adt-bundle\sdk\tools;E:\tools_for_programing\nodejs\node_modules\npm;C:\Program Files\nodejs\;E:\android_develop_tools\android-studio-ide-143.2489090-windows\android-studio\gradle\gradle-2.10\bin;G:\softwaresForWorkingOrLearning\Calibre2\;C:\Program Files\Microsoft SQL Server\Client SDK\ODBC\110\Tools\Binn\;C:\Program Files (x86)\Microsoft SQL Server\120\Tools\Binn\;C:\Program Files\Microsoft SQL Server\120\DTS\Binn\;C:\Program Files (x86)\Microsoft SQL Server\120\Tools\Binn\ManagementStudio\;C:\Program Files (x86)\Microsoft SQL Server\120\DTS\Binn\;C:\Program Files (x86)\Windows Kits\8.1\Windows Performance Toolkit\;C:\Program Files\Microsoft SQL Server\110\Tools\Binn\;C:\Program Files (x86)\Microsoft SDKs\TypeScript\1.0\;E:\tools_for_programing\MinGW\bin;E:\android_develop_tools\java\jdk\bin;E:\android_develop_tools\android-sdk-windows\platform-tools;C:\Users\Neil\AppData\Roaming\npm;C:\Users\Neil\AppData\Local\atom\bin;E:\tools_for_programing\Git\bin\
USERNAME=Neil
OS=Windows_NT
PROCESSOR_IDENTIFIER=Intel64 Family 6 Model 60 Stepping 3, GenuineIntel



---------------  S Y S T E M  ---------------

OS: Windows 8.1 , 64 bit Build 9600 

CPU:total 4 (2 cores per cpu, 2 threads per core) family 6 model 60 stepping 3, cmov, cx8, fxsr, mmx, sse, sse2, sse3, ssse3, sse4.1, sse4.2, popcnt, avx, avx2, aes, clmul, erms, lzcnt, ht, tsc, tscinvbit, bmi1, bmi2

Memory: 4k page, physical 8276632k(1526216k free), swap 8276632k(5108k free)

vm_info: Java HotSpot(TM) 64-Bit Server VM (25.25-b02) for windows-amd64 JRE (1.8.0_25-b18), built on Oct  7 2014 14:25:37 by "java_re" with MS VC++ 10.0 (VS2010)

time: Wed Mar 23 20:39:36 2016
elapsed time: 4 seconds (0d 0h 0m 4s)

