#
# There is insufficient memory for the Java Runtime Environment to continue.
# Native memory allocation (malloc) failed to allocate 668096 bytes for Chunk::new
# Possible reasons:
#   The system is out of physical RAM or swap space
#   In 32 bit mode, the process size limit was hit
# Possible solutions:
#   Reduce memory load on the system
#   Increase physical memory or swap space
#   Check if swap backing store is full
#   Use 64 bit Java on a 64 bit OS
#   Decrease Java heap size (-Xmx/-Xms)
#   Decrease number of Java threads
#   Decrease Java thread stack sizes (-Xss)
#   Set larger code cache with -XX:ReservedCodeCacheSize=
# This output file may be truncated or incomplete.
#
#  Out of Memory Error (allocation.cpp:390), pid=7896, tid=10460
#
# JRE version: Java(TM) SE Runtime Environment (8.0_25-b18) (build 1.8.0_25-b18)
# Java VM: Java HotSpot(TM) 64-Bit Server VM (25.25-b02 mixed mode windows-amd64 compressed oops)
# Failed to write core dump. Minidumps are not enabled by default on client versions of Windows
#

---------------  T H R E A D  ---------------

Current thread (0x000000001492b800):  JavaThread "C2 CompilerThread0" daemon [_thread_in_native, id=10460, stack(0x0000000015e50000,0x0000000015f50000)]

Stack: [0x0000000015e50000,0x0000000015f50000]
Native frames: (J=compiled Java code, j=interpreted, Vv=VM code, C=native code)
V  [jvm.dll+0x31667a]
V  [jvm.dll+0x267073]
V  [jvm.dll+0x267cb3]
V  [jvm.dll+0x25f5b5]
V  [jvm.dll+0xbf165]
V  [jvm.dll+0xbf60c]
V  [jvm.dll+0x45d672]
V  [jvm.dll+0x49e8ef]
V  [jvm.dll+0x452b41]
V  [jvm.dll+0x453864]
V  [jvm.dll+0x437372]
V  [jvm.dll+0x98a02]
V  [jvm.dll+0x991f3]
V  [jvm.dll+0x22bde4]
V  [jvm.dll+0x2852fa]
C  [msvcr100.dll+0x21d9f]
C  [msvcr100.dll+0x21e3b]
C  [KERNEL32.DLL+0x13d2]
C  [ntdll.dll+0x154e4]


Current CompileTask:
C2:   1095  891       4       com.android.dx.dex.code.OutputFinisher::addConstants (93 bytes)


---------------  P R O C E S S  ---------------

Java Threads: ( => current thread )
  0x00000000160b7000 JavaThread "pool-1-thread-1" [_thread_in_Java, id=1776, stack(0x0000000016750000,0x0000000016850000)]
  0x0000000015fd4000 JavaThread "Service Thread" daemon [_thread_blocked, id=8360, stack(0x0000000016550000,0x0000000016650000)]
  0x0000000015f78800 JavaThread "C1 CompilerThread2" daemon [_thread_blocked, id=11336, stack(0x0000000016450000,0x0000000016550000)]
  0x0000000015f50800 JavaThread "C2 CompilerThread1" daemon [_thread_blocked, id=9188, stack(0x0000000016350000,0x0000000016450000)]
=>0x000000001492b800 JavaThread "C2 CompilerThread0" daemon [_thread_in_native, id=10460, stack(0x0000000015e50000,0x0000000015f50000)]
  0x000000001492a800 JavaThread "Attach Listener" daemon [_thread_blocked, id=2244, stack(0x0000000015d50000,0x0000000015e50000)]
  0x00000000148df800 JavaThread "Signal Dispatcher" daemon [_thread_blocked, id=10672, stack(0x0000000015c50000,0x0000000015d50000)]
  0x00000000021f7000 JavaThread "Finalizer" daemon [_thread_blocked, id=576, stack(0x0000000015b50000,0x0000000015c50000)]
  0x00000000021ee000 JavaThread "Reference Handler" daemon [_thread_blocked, id=2864, stack(0x0000000015a50000,0x0000000015b50000)]
  0x0000000001d7e000 JavaThread "main" [_thread_blocked, id=8560, stack(0x0000000001c40000,0x0000000001d40000)]

Other Threads:
  0x0000000014896800 VMThread [stack: 0x0000000015950000,0x0000000015a50000] [id=4664]
  0x0000000015fe0800 WatcherThread [stack: 0x0000000016650000,0x0000000016750000] [id=8204]

VM state:not at safepoint (normal execution)

VM Mutex/Monitor currently owned by a thread: None

Heap:
 PSYoungGen      total 38400K, used 19974K [0x00000000eab00000, 0x00000000ed580000, 0x0000000100000000)
  eden space 33280K, 60% used [0x00000000eab00000,0x00000000ebe81bc8,0x00000000ecb80000)
  from space 5120K, 0% used [0x00000000ed080000,0x00000000ed080000,0x00000000ed580000)
  to   space 5120K, 0% used [0x00000000ecb80000,0x00000000ecb80000,0x00000000ed080000)
 ParOldGen       total 87552K, used 0K [0x00000000c0000000, 0x00000000c5580000, 0x00000000eab00000)
  object space 87552K, 0% used [0x00000000c0000000,0x00000000c0000000,0x00000000c5580000)
 Metaspace       used 5872K, capacity 6832K, committed 7040K, reserved 1056768K
  class space    used 601K, capacity 616K, committed 640K, reserved 1048576K

Card table byte_map: [0x00000000115c0000,0x00000000117d0000] byte_map_base: 0x0000000010fc0000

Marking Bits: (ParMarkBitMap*) 0x0000000052a2d490
 Begin Bits: [0x0000000011d30000, 0x0000000012d30000)
 End Bits:   [0x0000000012d30000, 0x0000000013d30000)

Polling page: 0x0000000000320000

CodeCache: size=245760Kb used=3653Kb max_used=3653Kb free=242106Kb
 bounds [0x0000000002200000, 0x00000000025a0000, 0x0000000011200000]
 total_blobs=1222 nmethods=956 adapters=180
 compilation: enabled

Compilation events (10 events):
Event: 1.071 Thread 0x0000000015f78800 nmethod 938 0x0000000002581010 code [0x0000000002581160, 0x00000000025812b0]
Event: 1.071 Thread 0x0000000015f78800  939       3       com.android.dx.dex.file.CodeItem$1::getIndex (20 bytes)
Event: 1.071 Thread 0x0000000015f78800 nmethod 939 0x0000000002586550 code [0x00000000025866e0, 0x0000000002586af8]
Event: 1.071 Thread 0x0000000015f78800  942       1       com.android.dx.dex.code.form.SpecialFormat::isCompatible (2 bytes)
Event: 1.071 Thread 0x0000000015f78800 nmethod 942 0x0000000002580d50 code [0x0000000002580ea0, 0x0000000002580fb0]
Event: 1.071 Thread 0x0000000015f78800  943       1       com.android.dx.dex.code.ZeroSizeInsn::codeSize (2 bytes)
Event: 1.071 Thread 0x0000000015f78800 nmethod 943 0x0000000002586c50 code [0x0000000002586da0, 0x0000000002586eb0]
Event: 1.071 Thread 0x0000000015f78800  940       3       com.android.dx.rop.code.BasicBlock::canThrow (11 bytes)
Event: 1.072 Thread 0x0000000015f78800 nmethod 940 0x0000000002586f10 code [0x00000000025870c0, 0x0000000002587938]
Event: 1.072 Thread 0x0000000015f78800  941       3       com.android.dx.dex.code.FixedSizeInsn::codeSize (11 bytes)

GC Heap History (0 events):
No events

Deoptimization events (1 events):
Event: 0.518 Thread 0x000000001619a800 Uncommon trap: reason=unreached action=reinterpret pc=0x00000000023e7060 method=java.util.HashMap.getNode(ILjava/lang/Object;)Ljava/util/HashMap$Node; @ 143

Internal exceptions (10 events):
Event: 1.050 Thread 0x00000000160b7000 Exception <a 'java/security/PrivilegedActionException'> (0x00000000ebe02610) thrown at [D:\re\workspace\8-2-build-windows-amd64-cygwin\jdk8u25\1677\hotspot\src\share\vm\prims\jvm.cpp, line 1312]
Event: 1.052 Thread 0x00000000160b7000 Exception <a 'java/security/PrivilegedActionException'> (0x00000000ebe05300) thrown at [D:\re\workspace\8-2-build-windows-amd64-cygwin\jdk8u25\1677\hotspot\src\share\vm\prims\jvm.cpp, line 1312]
Event: 1.053 Thread 0x00000000160b7000 Exception <a 'java/security/PrivilegedActionException'> (0x00000000ebe0abc8) thrown at [D:\re\workspace\8-2-build-windows-amd64-cygwin\jdk8u25\1677\hotspot\src\share\vm\prims\jvm.cpp, line 1312]
Event: 1.056 Thread 0x00000000160b7000 Exception <a 'java/security/PrivilegedActionException'> (0x00000000ebe0e230) thrown at [D:\re\workspace\8-2-build-windows-amd64-cygwin\jdk8u25\1677\hotspot\src\share\vm\prims\jvm.cpp, line 1312]
Event: 1.057 Thread 0x00000000160b7000 Exception <a 'java/security/PrivilegedActionException'> (0x00000000ebe10eb0) thrown at [D:\re\workspace\8-2-build-windows-amd64-cygwin\jdk8u25\1677\hotspot\src\share\vm\prims\jvm.cpp, line 1312]
Event: 1.060 Thread 0x00000000160b7000 Exception <a 'java/security/PrivilegedActionException'> (0x00000000ebe161a8) thrown at [D:\re\workspace\8-2-build-windows-amd64-cygwin\jdk8u25\1677\hotspot\src\share\vm\prims\jvm.cpp, line 1312]
Event: 1.061 Thread 0x00000000160b7000 Exception <a 'java/security/PrivilegedActionException'> (0x00000000ebe1c9c0) thrown at [D:\re\workspace\8-2-build-windows-amd64-cygwin\jdk8u25\1677\hotspot\src\share\vm\prims\jvm.cpp, line 1312]
Event: 1.062 Thread 0x00000000160b7000 Exception <a 'java/security/PrivilegedActionException'> (0x00000000ebe1fa38) thrown at [D:\re\workspace\8-2-build-windows-amd64-cygwin\jdk8u25\1677\hotspot\src\share\vm\prims\jvm.cpp, line 1312]
Event: 1.062 Thread 0x00000000160b7000 Exception <a 'java/security/PrivilegedActionException'> (0x00000000ebe249e0) thrown at [D:\re\workspace\8-2-build-windows-amd64-cygwin\jdk8u25\1677\hotspot\src\share\vm\prims\jvm.cpp, line 1312]
Event: 1.063 Thread 0x00000000160b7000 Exception <a 'java/security/PrivilegedActionException'> (0x00000000ebe291e0) thrown at [D:\re\workspace\8-2-build-windows-amd64-cygwin\jdk8u25\1677\hotspot\src\share\vm\prims\jvm.cpp, line 1312]

Events (10 events):
Event: 1.060 loading class com/android/dx/dex/code/LocalList$MakeState
Event: 1.060 loading class com/android/dx/dex/code/LocalList$MakeState done
Event: 1.061 loading class com/android/dx/dex/code/LocalList$Disposition
Event: 1.061 loading class com/android/dx/dex/code/LocalList$Disposition done
Event: 1.062 loading class com/android/dx/dex/code/LocalList$Entry
Event: 1.062 loading class com/android/dx/dex/code/LocalList$Entry done
Event: 1.062 loading class com/android/dx/dex/code/CatchHandlerList
Event: 1.062 loading class com/android/dx/dex/code/CatchHandlerList done
Event: 1.063 loading class com/android/dx/dex/code/CatchTable
Event: 1.063 loading class com/android/dx/dex/code/CatchTable done


Dynamic libraries:
0x00007ff6d76b0000 - 0x00007ff6d76e4000 	E:\android_develop_tools\java\jdk\bin\java.exe
0x00007ffeb8020000 - 0x00007ffeb81cd000 	C:\windows\SYSTEM32\ntdll.dll
0x00007ffeb60c0000 - 0x00007ffeb61fe000 	C:\windows\system32\KERNEL32.DLL
0x00007ffeb5240000 - 0x00007ffeb5355000 	C:\windows\system32\KERNELBASE.dll
0x00007ffeb3d10000 - 0x00007ffeb3d9e000 	C:\windows\system32\apphelp.dll
0x00007ffe9a6b0000 - 0x00007ffe9a703000 	C:\windows\AppPatch\AppPatch64\AcGenral.DLL
0x00007ffeb7cf0000 - 0x00007ffeb7d9a000 	C:\windows\system32\msvcrt.dll
0x00007ffeb4fa0000 - 0x00007ffeb4fce000 	C:\windows\SYSTEM32\SspiCli.dll
0x00007ffeb7f50000 - 0x00007ffeb7fa4000 	C:\windows\system32\SHLWAPI.dll
0x00007ffeb5f40000 - 0x00007ffeb60b7000 	C:\windows\system32\USER32.dll
0x00007ffeb56a0000 - 0x00007ffeb5834000 	C:\windows\system32\ole32.dll
0x00007ffeb66e0000 - 0x00007ffeb7c0a000 	C:\windows\system32\SHELL32.dll
0x00007ffeb4730000 - 0x00007ffeb4751000 	C:\windows\SYSTEM32\USERENV.dll
0x00007ffeb5dc0000 - 0x00007ffeb5e6a000 	C:\windows\system32\ADVAPI32.dll
0x00007ffea8d90000 - 0x00007ffea8dae000 	C:\windows\SYSTEM32\MPR.dll
0x00007ffeb5c70000 - 0x00007ffeb5db1000 	C:\windows\system32\RPCRT4.dll
0x00007ffeb7fb0000 - 0x00007ffeb8009000 	C:\windows\SYSTEM32\sechost.dll
0x00007ffeb5840000 - 0x00007ffeb5a51000 	C:\windows\SYSTEM32\combase.dll
0x00007ffeb5b20000 - 0x00007ffeb5c70000 	C:\windows\system32\GDI32.dll
0x00007ffeb5170000 - 0x00007ffeb5185000 	C:\windows\SYSTEM32\profapi.dll
0x00007ffeb36c0000 - 0x00007ffeb3772000 	C:\windows\SYSTEM32\SHCORE.dll
0x00007ffeb5e70000 - 0x00007ffeb5ea6000 	C:\windows\system32\IMM32.DLL
0x00007ffeb64b0000 - 0x00007ffeb6602000 	C:\windows\system32\MSCTF.dll
0x00007ffeb2c30000 - 0x00007ffeb2eab000 	C:\windows\WinSxS\amd64_microsoft.windows.common-controls_6595b64144ccf1df_6.0.9600.18006_none_623f33d3ecbe86e8\COMCTL32.dll
0x0000000052170000 - 0x0000000052242000 	E:\android_develop_tools\java\jdk\jre\bin\msvcr100.dll
0x0000000052250000 - 0x0000000052aaa000 	E:\android_develop_tools\java\jdk\jre\bin\server\jvm.dll
0x00007ffeaf710000 - 0x00007ffeaf719000 	C:\windows\SYSTEM32\WSOCK32.dll
0x00007ffeb1510000 - 0x00007ffeb1532000 	C:\windows\SYSTEM32\WINMM.dll
0x00007ffeb62c0000 - 0x00007ffeb62c7000 	C:\windows\system32\PSAPI.DLL
0x00007ffeb7c20000 - 0x00007ffeb7c7a000 	C:\windows\system32\WS2_32.dll
0x00007ffeb1460000 - 0x00007ffeb148a000 	C:\windows\SYSTEM32\WINMMBASE.dll
0x00007ffeb7c10000 - 0x00007ffeb7c19000 	C:\windows\system32\NSI.dll
0x00007ffeb5650000 - 0x00007ffeb569f000 	C:\windows\SYSTEM32\cfgmgr32.dll
0x00007ffeb3f60000 - 0x00007ffeb3f88000 	C:\windows\SYSTEM32\DEVOBJ.dll
0x00000000557f0000 - 0x00000000557ff000 	E:\android_develop_tools\java\jdk\jre\bin\verify.dll
0x00000000557c0000 - 0x00000000557e8000 	E:\android_develop_tools\java\jdk\jre\bin\java.dll
0x00000000557a0000 - 0x00000000557b6000 	E:\android_develop_tools\java\jdk\jre\bin\zip.dll
0x00007ffeaf140000 - 0x00007ffeaf2c9000 	C:\windows\SYSTEM32\dbghelp.dll

VM Arguments:
jvm_args: -Djava.awt.headless=true -Xmx1024M -Dfile.encoding=GBK -Duser.country=CN -Duser.language=zh -Duser.variant 
java_command: com.android.dx.command.Main --dex --force-jumbo --num-threads=4 --multi-dex --output E:\android_develop_tools\android_studio_workplace\DailyZHIHU\app\build\intermediates\transforms\dex\debug\folders\1000\5\slice_7_2c649ac20c7cda2834bcd9ba789d871cba02e31a E:\android_develop_tools\android_studio_workplace\DailyZHIHU\app\build\intermediates\transforms\instantRunSlicer\debug\folders\1\5\slice_7
java_class_path (initial): E:\android_develop_tools\android-sdk-windows\build-tools\23.0.2\lib\dx.jar
Launcher Type: SUN_STANDARD

Environment Variables:
JAVA_HOME=E:\android_develop_tools\java\jdk
CLASSPATH=.;E:\android_develop_tools\java\jdk\lib
PATH=E:\tools_for_programing\myoracle\oracle11\product\11.2.0\dbhome_1\bin;E:\tools_for_programing\myoracle\oracle12\product\12.1.0\dbhome_1\bin;C:\windows\system32;C:\windows;C:\windows\system32\wbem;E:\tools_for_programing\myoracle\app\Neil\product\12.1.0\dbhome_1\bin;C:\ProgramData\Oracle\Java\javapath;E:\android_develop_tools\java\jdk\bin;C:\Program Files\Microsoft SQL Server\120\Tools\Binn\;E:\tools_for_programing\matlab2014b\runtime\win64;E:\tools_for_programing\matlab2014b\bin;E:\adt-bundle\sdk\tools;E:\tools_for_programing\nodejs\node_modules\npm;C:\Program Files\nodejs\;E:\android_develop_tools\android-studio-ide-143.2489090-windows\android-studio\gradle\gradle-2.10\bin;G:\softwaresForWorkingOrLearning\Calibre2\;C:\Program Files\Microsoft SQL Server\Client SDK\ODBC\110\Tools\Binn\;C:\Program Files (x86)\Microsoft SQL Server\120\Tools\Binn\;C:\Program Files\Microsoft SQL Server\120\DTS\Binn\;C:\Program Files (x86)\Microsoft SQL Server\120\Tools\Binn\ManagementStudio\;C:\Program Files (x86)\Microsoft SQL Server\120\DTS\Binn\;C:\Program Files (x86)\Windows Kits\8.1\Windows Performance Toolkit\;C:\Program Files\Microsoft SQL Server\110\Tools\Binn\;C:\Program Files (x86)\Microsoft SDKs\TypeScript\1.0\;E:\tools_for_programing\MinGW\bin;E:\android_develop_tools\java\jdk\bin;E:\android_develop_tools\android-sdk-windows\platform-tools;C:\Users\Neil\AppData\Roaming\npm;C:\Users\Neil\AppData\Local\atom\bin;E:\tools_for_programing\Git\bin\
USERNAME=Neil
OS=Windows_NT
PROCESSOR_IDENTIFIER=Intel64 Family 6 Model 60 Stepping 3, GenuineIntel



---------------  S Y S T E M  ---------------

OS: Windows 8.1 , 64 bit Build 9600 

CPU:total 4 (2 cores per cpu, 2 threads per core) family 6 model 60 stepping 3, cmov, cx8, fxsr, mmx, sse, sse2, sse3, ssse3, sse4.1, sse4.2, popcnt, avx, avx2, aes, clmul, erms, lzcnt, ht, tsc, tscinvbit, bmi1, bmi2

Memory: 4k page, physical 8276632k(1625272k free), swap 8276632k(5128k free)

vm_info: Java HotSpot(TM) 64-Bit Server VM (25.25-b02) for windows-amd64 JRE (1.8.0_25-b18), built on Oct  7 2014 14:25:37 by "java_re" with MS VC++ 10.0 (VS2010)

time: Wed Mar 23 19:46:35 2016
elapsed time: 1 seconds (0d 0h 0m 1s)

