#
# There is insufficient memory for the Java Runtime Environment to continue.
# Native memory allocation (malloc) failed to allocate 1725536 bytes for Chunk::new
# Possible reasons:
#   The system is out of physical RAM or swap space
#   In 32 bit mode, the process size limit was hit
# Possible solutions:
#   Reduce memory load on the system
#   Increase physical memory or swap space
#   Check if swap backing store is full
#   Use 64 bit Java on a 64 bit OS
#   Decrease Java heap size (-Xmx/-Xms)
#   Decrease number of Java threads
#   Decrease Java thread stack sizes (-Xss)
#   Set larger code cache with -XX:ReservedCodeCacheSize=
# This output file may be truncated or incomplete.
#
#  Out of Memory Error (allocation.cpp:390), pid=10768, tid=4416
#
# JRE version: Java(TM) SE Runtime Environment (8.0_25-b18) (build 1.8.0_25-b18)
# Java VM: Java HotSpot(TM) 64-Bit Server VM (25.25-b02 mixed mode windows-amd64 compressed oops)
# Failed to write core dump. Minidumps are not enabled by default on client versions of Windows
#

---------------  T H R E A D  ---------------

Current thread (0x0000000015431000):  JavaThread "C2 CompilerThread0" daemon [_thread_in_native, id=4416, stack(0x0000000016d90000,0x0000000016e90000)]

Stack: [0x0000000016d90000,0x0000000016e90000]
Native frames: (J=compiled Java code, j=interpreted, Vv=VM code, C=native code)
V  [jvm.dll+0x31667a]
V  [jvm.dll+0x267073]
V  [jvm.dll+0x267cb3]
V  [jvm.dll+0x25f5b5]
V  [jvm.dll+0xbf165]
V  [jvm.dll+0xbf60c]
V  [jvm.dll+0x45d672]
V  [jvm.dll+0x49e8ef]
V  [jvm.dll+0x452b41]
V  [jvm.dll+0x453864]
V  [jvm.dll+0x437372]
V  [jvm.dll+0x98a02]
V  [jvm.dll+0x991f3]
V  [jvm.dll+0x22bde4]
V  [jvm.dll+0x2852fa]
C  [msvcr100.dll+0x21d9f]
C  [msvcr100.dll+0x21e3b]
C  [KERNEL32.DLL+0x13d2]
C  [ntdll.dll+0x154e4]


Current CompileTask:
C2:   6917 2289   !   4       com.android.dx.cf.code.Ropper::processBlock (1101 bytes)


---------------  P R O C E S S  ---------------

Java Threads: ( => current thread )
  0x0000000017bcd000 JavaThread "pool-2-thread-4" [_thread_blocked, id=3344, stack(0x0000000018e60000,0x0000000018f60000)]
  0x0000000017bcc000 JavaThread "pool-2-thread-3" [_thread_in_Java, id=4104, stack(0x0000000018d60000,0x0000000018e60000)]
  0x0000000017bcb800 JavaThread "pool-2-thread-2" [_thread_blocked, id=10432, stack(0x0000000018c60000,0x0000000018d60000)]
  0x0000000016a26800 JavaThread "pool-3-thread-1" [_thread_blocked, id=6972, stack(0x0000000018b60000,0x0000000018c60000)]
  0x0000000017aef800 JavaThread "pool-2-thread-1" [_thread_blocked, id=8640, stack(0x0000000018a60000,0x0000000018b60000)]
  0x00000000167eb800 JavaThread "Service Thread" daemon [_thread_blocked, id=6692, stack(0x0000000017090000,0x0000000017190000)]
  0x000000001547d800 JavaThread "C1 CompilerThread2" daemon [_thread_blocked, id=11816, stack(0x0000000016f90000,0x0000000017090000)]
  0x000000001547a800 JavaThread "C2 CompilerThread1" daemon [_thread_in_native, id=5612, stack(0x0000000016e90000,0x0000000016f90000)]
=>0x0000000015431000 JavaThread "C2 CompilerThread0" daemon [_thread_in_native, id=4416, stack(0x0000000016d90000,0x0000000016e90000)]
  0x0000000015430000 JavaThread "Attach Listener" daemon [_thread_blocked, id=4872, stack(0x0000000016c90000,0x0000000016d90000)]
  0x00000000167d3000 JavaThread "Signal Dispatcher" daemon [_thread_blocked, id=2672, stack(0x0000000016b90000,0x0000000016c90000)]
  0x0000000002d47000 JavaThread "Finalizer" daemon [_thread_blocked, id=4012, stack(0x0000000016690000,0x0000000016790000)]
  0x0000000002d3e000 JavaThread "Reference Handler" daemon [_thread_blocked, id=10992, stack(0x0000000016590000,0x0000000016690000)]
  0x000000000293e000 JavaThread "main" [_thread_in_Java, id=10260, stack(0x00000000027e0000,0x00000000028e0000)]

Other Threads:
  0x00000000153e6800 VMThread [stack: 0x0000000016490000,0x0000000016590000] [id=96]
  0x00000000167ee000 WatcherThread [stack: 0x0000000017190000,0x0000000017290000] [id=11076]

VM state:not at safepoint (normal execution)

VM Mutex/Monitor currently owned by a thread: None

Heap:
 PSYoungGen      total 282112K, used 153327K [0x00000000eab00000, 0x00000000ffd00000, 0x0000000100000000)
  eden space 250368K, 48% used [0x00000000eab00000,0x00000000f21c2fc0,0x00000000f9f80000)
  from space 31744K, 99% used [0x00000000fc900000,0x00000000fe7f8ed0,0x00000000fe800000)
  to   space 42496K, 0% used [0x00000000f9f80000,0x00000000f9f80000,0x00000000fc900000)
 ParOldGen       total 87552K, used 45641K [0x00000000c0000000, 0x00000000c5580000, 0x00000000eab00000)
  object space 87552K, 52% used [0x00000000c0000000,0x00000000c2c92688,0x00000000c5580000)
 Metaspace       used 6543K, capacity 7320K, committed 7680K, reserved 1056768K
  class space    used 615K, capacity 656K, committed 768K, reserved 1048576K

Card table byte_map: [0x0000000012110000,0x0000000012320000] byte_map_base: 0x0000000011b10000

Marking Bits: (ParMarkBitMap*) 0x0000000052a2d490
 Begin Bits: [0x0000000012880000, 0x0000000013880000)
 End Bits:   [0x0000000013880000, 0x0000000014880000)

Polling page: 0x00000000028e0000

CodeCache: size=245760Kb used=9914Kb max_used=9935Kb free=235845Kb
 bounds [0x0000000002d50000, 0x0000000003710000, 0x0000000011d50000]
 total_blobs=2463 nmethods=2196 adapters=180
 compilation: enabled

Compilation events (10 events):
Event: 6.518 Thread 0x000000001547d800 2298       2       com.android.dx.rop.code.Rops::opPutStatic (97 bytes)
Event: 6.518 Thread 0x000000001547d800 nmethod 2298 0x000000000369b250 code [0x000000000369b420, 0x000000000369b958]
Event: 6.566 Thread 0x0000000015431000 nmethod 2279% 0x0000000003700a90 code [0x0000000003700fe0, 0x0000000003704440]
Event: 6.567 Thread 0x0000000015431000 2289   !   4       com.android.dx.cf.code.Ropper::processBlock (1101 bytes)
Event: 6.768 Thread 0x000000001547d800 2301       2       com.android.dx.rop.code.Rops::opInvokeSuper (17 bytes)
Event: 6.768 Thread 0x000000001547d800 nmethod 2301 0x00000000036a47d0 code [0x00000000036a4940, 0x00000000036a4b58]
Event: 6.869 Thread 0x000000001547d800 2303       1       java.util.concurrent.ThreadPoolExecutor::beforeExecute (1 bytes)
Event: 6.869 Thread 0x000000001547d800 nmethod 2303 0x000000000367b2d0 code [0x000000000367b420, 0x000000000367b530]
Event: 6.874 Thread 0x000000001547d800 2304       1       java.util.concurrent.ThreadPoolExecutor::afterExecute (1 bytes)
Event: 6.874 Thread 0x000000001547d800 nmethod 2304 0x000000000369af90 code [0x000000000369b0e0, 0x000000000369b1f0]

GC Heap History (10 events):
Event: 2.010 GC heap before
{Heap before GC invocations=4 (full 0):
 PSYoungGen      total 38400K, used 38372K [0x00000000eab00000, 0x00000000ef600000, 0x0000000100000000)
  eden space 33280K, 100% used [0x00000000eab00000,0x00000000ecb80000,0x00000000ecb80000)
  from space 5120K, 99% used [0x00000000ecb80000,0x00000000ed079108,0x00000000ed080000)
  to   space 5120K, 0% used [0x00000000ef100000,0x00000000ef100000,0x00000000ef600000)
 ParOldGen       total 87552K, used 6342K [0x00000000c0000000, 0x00000000c5580000, 0x00000000eab00000)
  object space 87552K, 7% used [0x00000000c0000000,0x00000000c0631bb8,0x00000000c5580000)
 Metaspace       used 6277K, capacity 7152K, committed 7296K, reserved 1056768K
  class space    used 594K, capacity 616K, committed 640K, reserved 1048576K
Event: 2.088 GC heap after
Heap after GC invocations=4 (full 0):
 PSYoungGen      total 71680K, used 5094K [0x00000000eab00000, 0x00000000ef600000, 0x0000000100000000)
  eden space 66560K, 0% used [0x00000000eab00000,0x00000000eab00000,0x00000000eec00000)
  from space 5120K, 99% used [0x00000000ef100000,0x00000000ef5f98a8,0x00000000ef600000)
  to   space 5120K, 0% used [0x00000000eec00000,0x00000000eec00000,0x00000000ef100000)
 ParOldGen       total 87552K, used 11191K [0x00000000c0000000, 0x00000000c5580000, 0x00000000eab00000)
  object space 87552K, 12% used [0x00000000c0000000,0x00000000c0aedcc0,0x00000000c5580000)
 Metaspace       used 6277K, capacity 7152K, committed 7296K, reserved 1056768K
  class space    used 594K, capacity 616K, committed 640K, reserved 1048576K
}
Event: 2.555 GC heap before
{Heap before GC invocations=5 (full 0):
 PSYoungGen      total 71680K, used 71654K [0x00000000eab00000, 0x00000000ef600000, 0x0000000100000000)
  eden space 66560K, 100% used [0x00000000eab00000,0x00000000eec00000,0x00000000eec00000)
  from space 5120K, 99% used [0x00000000ef100000,0x00000000ef5f98a8,0x00000000ef600000)
  to   space 5120K, 0% used [0x00000000eec00000,0x00000000eec00000,0x00000000ef100000)
 ParOldGen       total 87552K, used 11191K [0x00000000c0000000, 0x00000000c5580000, 0x00000000eab00000)
  object space 87552K, 12% used [0x00000000c0000000,0x00000000c0aedcc0,0x00000000c5580000)
 Metaspace       used 6333K, capacity 7152K, committed 7296K, reserved 1056768K
  class space    used 595K, capacity 616K, committed 640K, reserved 1048576K
Event: 2.605 GC heap after
Heap after GC invocations=5 (full 0):
 PSYoungGen      total 71680K, used 5106K [0x00000000eab00000, 0x00000000f5200000, 0x0000000100000000)
  eden space 66560K, 0% used [0x00000000eab00000,0x00000000eab00000,0x00000000eec00000)
  from space 5120K, 99% used [0x00000000eec00000,0x00000000ef0fc858,0x00000000ef100000)
  to   space 18944K, 0% used [0x00000000f3f80000,0x00000000f3f80000,0x00000000f5200000)
 ParOldGen       total 87552K, used 21984K [0x00000000c0000000, 0x00000000c5580000, 0x00000000eab00000)
  object space 87552K, 25% used [0x00000000c0000000,0x00000000c15783e8,0x00000000c5580000)
 Metaspace       used 6333K, capacity 7152K, committed 7296K, reserved 1056768K
  class space    used 595K, capacity 616K, committed 640K, reserved 1048576K
}
Event: 2.856 GC heap before
{Heap before GC invocations=6 (full 0):
 PSYoungGen      total 71680K, used 71666K [0x00000000eab00000, 0x00000000f5200000, 0x0000000100000000)
  eden space 66560K, 100% used [0x00000000eab00000,0x00000000eec00000,0x00000000eec00000)
  from space 5120K, 99% used [0x00000000eec00000,0x00000000ef0fc858,0x00000000ef100000)
  to   space 18944K, 0% used [0x00000000f3f80000,0x00000000f3f80000,0x00000000f5200000)
 ParOldGen       total 87552K, used 21984K [0x00000000c0000000, 0x00000000c5580000, 0x00000000eab00000)
  object space 87552K, 25% used [0x00000000c0000000,0x00000000c15783e8,0x00000000c5580000)
 Metaspace       used 6384K, capacity 7216K, committed 7296K, reserved 1056768K
  class space    used 595K, capacity 616K, committed 640K, reserved 1048576K
Event: 2.894 GC heap after
Heap after GC invocations=6 (full 0):
 PSYoungGen      total 149504K, used 15847K [0x00000000eab00000, 0x00000000f5700000, 0x0000000100000000)
  eden space 130560K, 0% used [0x00000000eab00000,0x00000000eab00000,0x00000000f2a80000)
  from space 18944K, 83% used [0x00000000f3f80000,0x00000000f4ef9c30,0x00000000f5200000)
  to   space 21504K, 0% used [0x00000000f2a80000,0x00000000f2a80000,0x00000000f3f80000)
 ParOldGen       total 87552K, used 21992K [0x00000000c0000000, 0x00000000c5580000, 0x00000000eab00000)
  object space 87552K, 25% used [0x00000000c0000000,0x00000000c157a3e8,0x00000000c5580000)
 Metaspace       used 6384K, capacity 7216K, committed 7296K, reserved 1056768K
  class space    used 595K, capacity 616K, committed 640K, reserved 1048576K
}
Event: 3.660 GC heap before
{Heap before GC invocations=7 (full 0):
 PSYoungGen      total 149504K, used 146407K [0x00000000eab00000, 0x00000000f5700000, 0x0000000100000000)
  eden space 130560K, 100% used [0x00000000eab00000,0x00000000f2a80000,0x00000000f2a80000)
  from space 18944K, 83% used [0x00000000f3f80000,0x00000000f4ef9c30,0x00000000f5200000)
  to   space 21504K, 0% used [0x00000000f2a80000,0x00000000f2a80000,0x00000000f3f80000)
 ParOldGen       total 87552K, used 21992K [0x00000000c0000000, 0x00000000c5580000, 0x00000000eab00000)
  object space 87552K, 25% used [0x00000000c0000000,0x00000000c157a3e8,0x00000000c5580000)
 Metaspace       used 6522K, capacity 7256K, committed 7424K, reserved 1056768K
  class space    used 615K, capacity 656K, committed 768K, reserved 1048576K
Event: 3.782 GC heap after
Heap after GC invocations=7 (full 0):
 PSYoungGen      total 152064K, used 21493K [0x00000000eab00000, 0x00000000fe800000, 0x0000000100000000)
  eden space 130560K, 0% used [0x00000000eab00000,0x00000000eab00000,0x00000000f2a80000)
  from space 21504K, 99% used [0x00000000f2a80000,0x00000000f3f7d698,0x00000000f3f80000)
  to   space 31744K, 0% used [0x00000000fc900000,0x00000000fc900000,0x00000000fe800000)
 ParOldGen       total 87552K, used 34410K [0x00000000c0000000, 0x00000000c5580000, 0x00000000eab00000)
  object space 87552K, 39% used [0x00000000c0000000,0x00000000c219a8e8,0x00000000c5580000)
 Metaspace       used 6522K, capacity 7256K, committed 7424K, reserved 1056768K
  class space    used 615K, capacity 656K, committed 768K, reserved 1048576K
}
Event: 5.981 GC heap before
{Heap before GC invocations=8 (full 0):
 PSYoungGen      total 152064K, used 152053K [0x00000000eab00000, 0x00000000fe800000, 0x0000000100000000)
  eden space 130560K, 100% used [0x00000000eab00000,0x00000000f2a80000,0x00000000f2a80000)
  from space 21504K, 99% used [0x00000000f2a80000,0x00000000f3f7d698,0x00000000f3f80000)
  to   space 31744K, 0% used [0x00000000fc900000,0x00000000fc900000,0x00000000fe800000)
 ParOldGen       total 87552K, used 34410K [0x00000000c0000000, 0x00000000c5580000, 0x00000000eab00000)
  object space 87552K, 39% used [0x00000000c0000000,0x00000000c219a8e8,0x00000000c5580000)
 Metaspace       used 6542K, capacity 7320K, committed 7680K, reserved 1056768K
  class space    used 615K, capacity 656K, committed 768K, reserved 1048576K
Event: 6.096 GC heap after
Heap after GC invocations=8 (full 0):
 PSYoungGen      total 282112K, used 31715K [0x00000000eab00000, 0x00000000ffd00000, 0x0000000100000000)
  eden space 250368K, 0% used [0x00000000eab00000,0x00000000eab00000,0x00000000f9f80000)
  from space 31744K, 99% used [0x00000000fc900000,0x00000000fe7f8ed0,0x00000000fe800000)
  to   space 42496K, 0% used [0x00000000f9f80000,0x00000000f9f80000,0x00000000fc900000)
 ParOldGen       total 87552K, used 45641K [0x00000000c0000000, 0x00000000c5580000, 0x00000000eab00000)
  object space 87552K, 52% used [0x00000000c0000000,0x00000000c2c92688,0x00000000c5580000)
 Metaspace       used 6542K, capacity 7320K, committed 7680K, reserved 1056768K
  class space    used 615K, capacity 656K, committed 768K, reserved 1048576K
}

Deoptimization events (10 events):
Event: 5.274 Thread 0x0000000017bcd000 Uncommon trap: reason=unreached action=reinterpret pc=0x000000000349b560 method=java.util.HashMap.resize()[Ljava/util/HashMap$Node; @ 206
Event: 6.317 Thread 0x0000000017aef800 Uncommon trap: reason=bimorphic action=maybe_recompile pc=0x0000000003545104 method=com.android.dx.cf.code.BytecodeArray.parseInstruction(ILcom/android/dx/cf/code/BytecodeArray$Visitor;)I @ 1161
Event: 6.317 Thread 0x0000000017aef800 Uncommon trap: reason=bimorphic action=maybe_recompile pc=0x0000000003545104 method=com.android.dx.cf.code.BytecodeArray.parseInstruction(ILcom/android/dx/cf/code/BytecodeArray$Visitor;)I @ 1161
Event: 6.381 Thread 0x0000000017bcc000 Uncommon trap: reason=unreached action=reinterpret pc=0x0000000003403094 method=com.android.dx.ssa.MoveParamCombiner$1.visitNonMoveInsn(Lcom/android/dx/ssa/NormalSsaInsn;)V @ 27
Event: 6.390 Thread 0x0000000017bcc000 Uncommon trap: reason=class_check action=maybe_recompile pc=0x00000000036ae6b8 method=com.android.dx.cf.code.Ropper.processBlock(Lcom/android/dx/cf/code/ByteBlock;Lcom/android/dx/cf/code/Frame;[I)V @ 711
Event: 6.390 Thread 0x0000000017bcc000 Uncommon trap: reason=class_check action=maybe_recompile pc=0x00000000036ae6b8 method=com.android.dx.cf.code.Ropper.processBlock(Lcom/android/dx/cf/code/ByteBlock;Lcom/android/dx/cf/code/Frame;[I)V @ 711
Event: 6.390 Thread 0x0000000017bcc000 Uncommon trap: reason=class_check action=maybe_recompile pc=0x00000000036ae6b8 method=com.android.dx.cf.code.Ropper.processBlock(Lcom/android/dx/cf/code/ByteBlock;Lcom/android/dx/cf/code/Frame;[I)V @ 711
Event: 6.390 Thread 0x0000000017bcc000 Uncommon trap: reason=class_check action=maybe_recompile pc=0x00000000036ae6b8 method=com.android.dx.cf.code.Ropper.processBlock(Lcom/android/dx/cf/code/ByteBlock;Lcom/android/dx/cf/code/Frame;[I)V @ 711
Event: 6.602 Thread 0x0000000017bcc000 Uncommon trap: reason=bimorphic action=maybe_recompile pc=0x000000000344c4bc method=com.android.dx.ssa.LiteralOpUpgrader.tryReplacingWithConstant(Lcom/android/dx/ssa/NormalSsaInsn;)Z @ 62
Event: 6.605 Thread 0x0000000017bcc000 Uncommon trap: reason=bimorphic action=maybe_recompile pc=0x000000000344c4bc method=com.android.dx.ssa.LiteralOpUpgrader.tryReplacingWithConstant(Lcom/android/dx/ssa/NormalSsaInsn;)Z @ 62

Internal exceptions (10 events):
Event: 2.279 Thread 0x000000000293e000 Exception <a 'java/security/PrivilegedActionException'> (0x00000000ebe4b3a0) thrown at [D:\re\workspace\8-2-build-windows-amd64-cygwin\jdk8u25\1677\hotspot\src\share\vm\prims\jvm.cpp, line 1312]
Event: 2.293 Thread 0x0000000017aef800 Implicit null exception at 0x000000000343a226 to 0x000000000343bab1
Event: 2.294 Thread 0x0000000017aef800 Implicit null exception at 0x00000000033c51d1 to 0x00000000033c6a5d
Event: 2.294 Thread 0x0000000017aef800 Implicit null exception at 0x0000000003199c20 to 0x0000000003199de1
Event: 2.429 Thread 0x000000000293e000 Exception <a 'java/security/PrivilegedActionException'> (0x00000000eda7b740) thrown at [D:\re\workspace\8-2-build-windows-amd64-cygwin\jdk8u25\1677\hotspot\src\share\vm\prims\jvm.cpp, line 1312]
Event: 3.538 Thread 0x0000000017bcd000 Exception <a 'java/lang/ArrayIndexOutOfBoundsException': 18> (0x00000000f29ad0e0) thrown at [D:\re\workspace\8-2-build-windows-amd64-cygwin\jdk8u25\1677\hotspot\src\share\vm\interpreter\interpreterRuntime.cpp, line 366]
Event: 3.539 Thread 0x0000000017bcd000 Exception <a 'java/lang/ArrayIndexOutOfBoundsException'> (0x00000000f29aeb78) thrown at [D:\re\workspace\8-2-build-windows-amd64-cygwin\jdk8u25\1677\hotspot\src\share\vm\runtime\sharedRuntime.cpp, line 604]
Event: 3.541 Thread 0x0000000017bcd000 Exception <a 'java/lang/ArrayIndexOutOfBoundsException'> (0x00000000f29afd90) thrown at [D:\re\workspace\8-2-build-windows-amd64-cygwin\jdk8u25\1677\hotspot\src\share\vm\runtime\sharedRuntime.cpp, line 604]
Event: 5.236 Thread 0x0000000017bcd000 Implicit null exception at 0x0000000003608670 to 0x00000000036104fd
Event: 5.259 Thread 0x0000000017bcd000 Exception <a 'java/security/PrivilegedActionException'> (0x00000000ef0c0bc8) thrown at [D:\re\workspace\8-2-build-windows-amd64-cygwin\jdk8u25\1677\hotspot\src\share\vm\prims\jvm.cpp, line 1312]

Events (10 events):
Event: 6.644 Thread 0x000000000293e000 DEOPT PACKING pc=0x000000000323a319 sp=0x00000000028de590
Event: 6.644 Thread 0x000000000293e000 DEOPT UNPACKING pc=0x0000000002d975bf sp=0x00000000028de320 mode 0
Event: 6.713 Thread 0x0000000017bcd000 DEOPT PACKING pc=0x0000000003224224 sp=0x0000000018f5ec00
Event: 6.713 Thread 0x0000000017bcd000 DEOPT UNPACKING pc=0x0000000002d975bf sp=0x0000000018f5e910 mode 0
Event: 6.781 Thread 0x0000000017bcc000 DEOPT PACKING pc=0x000000000323a39b sp=0x0000000018e5e980
Event: 6.781 Thread 0x0000000017bcc000 DEOPT UNPACKING pc=0x0000000002d975bf sp=0x0000000018e5e710 mode 0
Event: 6.835 Thread 0x0000000017aef800 DEOPT PACKING pc=0x0000000003224224 sp=0x0000000018b5e670
Event: 6.835 Thread 0x0000000017aef800 DEOPT UNPACKING pc=0x0000000002d975bf sp=0x0000000018b5e380 mode 0
Event: 6.849 Thread 0x0000000017bcd000 DEOPT PACKING pc=0x00000000031f195e sp=0x0000000018f5eb20
Event: 6.849 Thread 0x0000000017bcd000 DEOPT UNPACKING pc=0x0000000002d975bf sp=0x0000000018f5e960 mode 0


Dynamic libraries:
0x00007ff6d76b0000 - 0x00007ff6d76e4000 	E:\android_develop_tools\java\jdk\bin\java.exe
0x00007ffeb8020000 - 0x00007ffeb81cd000 	C:\windows\SYSTEM32\ntdll.dll
0x00007ffeb60c0000 - 0x00007ffeb61fe000 	C:\windows\system32\KERNEL32.DLL
0x00007ffeb5240000 - 0x00007ffeb5355000 	C:\windows\system32\KERNELBASE.dll
0x00007ffeb3d10000 - 0x00007ffeb3d9e000 	C:\windows\system32\apphelp.dll
0x00007ffe9a710000 - 0x00007ffe9a763000 	C:\windows\AppPatch\AppPatch64\AcGenral.DLL
0x00007ffeb7cf0000 - 0x00007ffeb7d9a000 	C:\windows\system32\msvcrt.dll
0x00007ffeb4fa0000 - 0x00007ffeb4fce000 	C:\windows\SYSTEM32\SspiCli.dll
0x00007ffeb7f50000 - 0x00007ffeb7fa4000 	C:\windows\system32\SHLWAPI.dll
0x00007ffeb5f40000 - 0x00007ffeb60b7000 	C:\windows\system32\USER32.dll
0x00007ffeb56a0000 - 0x00007ffeb5834000 	C:\windows\system32\ole32.dll
0x00007ffeb66e0000 - 0x00007ffeb7c0a000 	C:\windows\system32\SHELL32.dll
0x00007ffeb4730000 - 0x00007ffeb4751000 	C:\windows\SYSTEM32\USERENV.dll
0x00007ffeb5dc0000 - 0x00007ffeb5e6a000 	C:\windows\system32\ADVAPI32.dll
0x00007ffea8d90000 - 0x00007ffea8dae000 	C:\windows\SYSTEM32\MPR.dll
0x00007ffeb5c70000 - 0x00007ffeb5db1000 	C:\windows\system32\RPCRT4.dll
0x00007ffeb7fb0000 - 0x00007ffeb8009000 	C:\windows\SYSTEM32\sechost.dll
0x00007ffeb5840000 - 0x00007ffeb5a51000 	C:\windows\SYSTEM32\combase.dll
0x00007ffeb5b20000 - 0x00007ffeb5c70000 	C:\windows\system32\GDI32.dll
0x00007ffeb5170000 - 0x00007ffeb5185000 	C:\windows\SYSTEM32\profapi.dll
0x00007ffeb36c0000 - 0x00007ffeb3772000 	C:\windows\SYSTEM32\SHCORE.dll
0x00007ffeb5e70000 - 0x00007ffeb5ea6000 	C:\windows\system32\IMM32.DLL
0x00007ffeb64b0000 - 0x00007ffeb6602000 	C:\windows\system32\MSCTF.dll
0x00007ffeb2c30000 - 0x00007ffeb2eab000 	C:\windows\WinSxS\amd64_microsoft.windows.common-controls_6595b64144ccf1df_6.0.9600.18006_none_623f33d3ecbe86e8\COMCTL32.dll
0x0000000052170000 - 0x0000000052242000 	E:\android_develop_tools\java\jdk\jre\bin\msvcr100.dll
0x0000000052250000 - 0x0000000052aaa000 	E:\android_develop_tools\java\jdk\jre\bin\server\jvm.dll
0x00007ffeaf710000 - 0x00007ffeaf719000 	C:\windows\SYSTEM32\WSOCK32.dll
0x00007ffeb1510000 - 0x00007ffeb1532000 	C:\windows\SYSTEM32\WINMM.dll
0x00007ffeb62c0000 - 0x00007ffeb62c7000 	C:\windows\system32\PSAPI.DLL
0x00007ffeb7c20000 - 0x00007ffeb7c7a000 	C:\windows\system32\WS2_32.dll
0x00007ffeb1460000 - 0x00007ffeb148a000 	C:\windows\SYSTEM32\WINMMBASE.dll
0x00007ffeb7c10000 - 0x00007ffeb7c19000 	C:\windows\system32\NSI.dll
0x00007ffeb5650000 - 0x00007ffeb569f000 	C:\windows\SYSTEM32\cfgmgr32.dll
0x00007ffeb3f60000 - 0x00007ffeb3f88000 	C:\windows\SYSTEM32\DEVOBJ.dll
0x00000000557f0000 - 0x00000000557ff000 	E:\android_develop_tools\java\jdk\jre\bin\verify.dll
0x00000000557c0000 - 0x00000000557e8000 	E:\android_develop_tools\java\jdk\jre\bin\java.dll
0x00000000557a0000 - 0x00000000557b6000 	E:\android_develop_tools\java\jdk\jre\bin\zip.dll
0x00007ffeaf140000 - 0x00007ffeaf2c9000 	C:\windows\SYSTEM32\dbghelp.dll

VM Arguments:
jvm_args: -Djava.awt.headless=true -Xmx1024M -Dfile.encoding=GBK -Duser.country=CN -Duser.language=zh -Duser.variant 
java_command: com.android.dx.command.Main --dex --force-jumbo --num-threads=4 --multi-dex --output E:\android_develop_tools\android_studio_workplace\DailyZHIHU\app\build\intermediates\transforms\dex\debug\folders\1000\1a\dependencies_36c7ac77f84ed52df6efb8e21b3a860743ebbc4c E:\android_develop_tools\android_studio_workplace\DailyZHIHU\app\build\intermediates\transforms\instantRunSlicer\debug\jars\1\1a\dependencies.jar
java_class_path (initial): E:\android_develop_tools\android-sdk-windows\build-tools\23.0.2\lib\dx.jar
Launcher Type: SUN_STANDARD

Environment Variables:
JAVA_HOME=E:\android_develop_tools\java\jdk
CLASSPATH=.;E:\android_develop_tools\java\jdk\lib
PATH=E:\tools_for_programing\myoracle\oracle11\product\11.2.0\dbhome_1\bin;E:\tools_for_programing\myoracle\oracle12\product\12.1.0\dbhome_1\bin;C:\windows\system32;C:\windows;C:\windows\system32\wbem;E:\tools_for_programing\myoracle\app\Neil\product\12.1.0\dbhome_1\bin;C:\ProgramData\Oracle\Java\javapath;E:\android_develop_tools\java\jdk\bin;C:\Program Files\Microsoft SQL Server\120\Tools\Binn\;E:\tools_for_programing\matlab2014b\runtime\win64;E:\tools_for_programing\matlab2014b\bin;E:\adt-bundle\sdk\tools;E:\tools_for_programing\nodejs\node_modules\npm;C:\Program Files\nodejs\;E:\android_develop_tools\android-studio-ide-143.2489090-windows\android-studio\gradle\gradle-2.10\bin;G:\softwaresForWorkingOrLearning\Calibre2\;C:\Program Files\Microsoft SQL Server\Client SDK\ODBC\110\Tools\Binn\;C:\Program Files (x86)\Microsoft SQL Server\120\Tools\Binn\;C:\Program Files\Microsoft SQL Server\120\DTS\Binn\;C:\Program Files (x86)\Microsoft SQL Server\120\Tools\Binn\ManagementStudio\;C:\Program Files (x86)\Microsoft SQL Server\120\DTS\Binn\;C:\Program Files (x86)\Windows Kits\8.1\Windows Performance Toolkit\;C:\Program Files\Microsoft SQL Server\110\Tools\Binn\;C:\Program Files (x86)\Microsoft SDKs\TypeScript\1.0\;E:\tools_for_programing\MinGW\bin;E:\android_develop_tools\java\jdk\bin;E:\android_develop_tools\android-sdk-windows\platform-tools;C:\Users\Neil\AppData\Roaming\npm;C:\Users\Neil\AppData\Local\atom\bin;E:\tools_for_programing\Git\bin\
USERNAME=Neil
OS=Windows_NT
PROCESSOR_IDENTIFIER=Intel64 Family 6 Model 60 Stepping 3, GenuineIntel



---------------  S Y S T E M  ---------------

OS: Windows 8.1 , 64 bit Build 9600 

CPU:total 4 (2 cores per cpu, 2 threads per core) family 6 model 60 stepping 3, cmov, cx8, fxsr, mmx, sse, sse2, sse3, ssse3, sse4.1, sse4.2, popcnt, avx, avx2, aes, clmul, erms, lzcnt, ht, tsc, tscinvbit, bmi1, bmi2

Memory: 4k page, physical 8276632k(1595108k free), swap 8276632k(24688k free)

vm_info: Java HotSpot(TM) 64-Bit Server VM (25.25-b02) for windows-amd64 JRE (1.8.0_25-b18), built on Oct  7 2014 14:25:37 by "java_re" with MS VC++ 10.0 (VS2010)

time: Wed Mar 23 20:45:58 2016
elapsed time: 6 seconds (0d 0h 0m 6s)

