#
# There is insufficient memory for the Java Runtime Environment to continue.
# Native memory allocation (malloc) failed to allocate 248176 bytes for Chunk::new
# Possible reasons:
#   The system is out of physical RAM or swap space
#   In 32 bit mode, the process size limit was hit
# Possible solutions:
#   Reduce memory load on the system
#   Increase physical memory or swap space
#   Check if swap backing store is full
#   Use 64 bit Java on a 64 bit OS
#   Decrease Java heap size (-Xmx/-Xms)
#   Decrease number of Java threads
#   Decrease Java thread stack sizes (-Xss)
#   Set larger code cache with -XX:ReservedCodeCacheSize=
# This output file may be truncated or incomplete.
#
#  Out of Memory Error (allocation.cpp:390), pid=11176, tid=10476
#
# JRE version: Java(TM) SE Runtime Environment (8.0_25-b18) (build 1.8.0_25-b18)
# Java VM: Java HotSpot(TM) 64-Bit Server VM (25.25-b02 mixed mode windows-amd64 compressed oops)
# Failed to write core dump. Minidumps are not enabled by default on client versions of Windows
#

---------------  T H R E A D  ---------------

Current thread (0x0000000014a80800):  JavaThread "C2 CompilerThread0" daemon [_thread_in_native, id=10476, stack(0x0000000015fd0000,0x00000000160d0000)]

Stack: [0x0000000015fd0000,0x00000000160d0000]
Native frames: (J=compiled Java code, j=interpreted, Vv=VM code, C=native code)
V  [jvm.dll+0x31667a]


Current CompileTask:
C2:   6371 1810 %     4       sun.security.provider.SHA::implCompress @ 12 (491 bytes)


---------------  P R O C E S S  ---------------

Java Threads: ( => current thread )
  0x0000000016160800 JavaThread "Service Thread" daemon [_thread_blocked, id=7364, stack(0x00000000166d0000,0x00000000167d0000)]
  0x00000000160df800 JavaThread "C1 CompilerThread2" daemon [_thread_blocked, id=9848, stack(0x00000000165d0000,0x00000000166d0000)]
  0x00000000160d1800 JavaThread "C2 CompilerThread1" daemon [_thread_blocked, id=12148, stack(0x00000000164d0000,0x00000000165d0000)]
=>0x0000000014a80800 JavaThread "C2 CompilerThread0" daemon [_thread_in_native, id=10476, stack(0x0000000015fd0000,0x00000000160d0000)]
  0x0000000014a7f800 JavaThread "Attach Listener" daemon [_thread_blocked, id=8100, stack(0x0000000015ed0000,0x0000000015fd0000)]
  0x0000000014a7e800 JavaThread "Signal Dispatcher" daemon [_thread_blocked, id=6000, stack(0x0000000015dd0000,0x0000000015ed0000)]
  0x00000000022b8000 JavaThread "Finalizer" daemon [_thread_blocked, id=5792, stack(0x0000000015cd0000,0x0000000015dd0000)]
  0x00000000022af000 JavaThread "Reference Handler" daemon [_thread_blocked, id=744, stack(0x0000000015bd0000,0x0000000015cd0000)]
  0x000000000239e000 JavaThread "main" [_thread_in_native, id=2524, stack(0x0000000001d80000,0x0000000001e80000)]

Other Threads:
  0x0000000014a36000 VMThread [stack: 0x0000000015ad0000,0x0000000015bd0000] [id=8688]
  0x0000000016163800 WatcherThread [stack: 0x00000000167d0000,0x00000000168d0000] [id=6936]

VM state:not at safepoint (normal execution)

VM Mutex/Monitor currently owned by a thread: None

Heap:
 PSYoungGen      total 71680K, used 14825K [0x00000000eab00000, 0x00000000ef600000, 0x0000000100000000)
  eden space 66560K, 14% used [0x00000000eab00000,0x00000000eb47c1f8,0x00000000eec00000)
  from space 5120K, 99% used [0x00000000ef100000,0x00000000ef5fe250,0x00000000ef600000)
  to   space 5120K, 0% used [0x00000000eec00000,0x00000000eec00000,0x00000000ef100000)
 ParOldGen       total 87552K, used 12124K [0x00000000c0000000, 0x00000000c5580000, 0x00000000eab00000)
  object space 87552K, 13% used [0x00000000c0000000,0x00000000c0bd7090,0x00000000c5580000)
 Metaspace       used 6533K, capacity 7256K, committed 7424K, reserved 1056768K
  class space    used 636K, capacity 656K, committed 768K, reserved 1048576K

Card table byte_map: [0x0000000011760000,0x0000000011970000] byte_map_base: 0x0000000011160000

Marking Bits: (ParMarkBitMap*) 0x0000000052a2d490
 Begin Bits: [0x0000000011ed0000, 0x0000000012ed0000)
 End Bits:   [0x0000000012ed0000, 0x0000000013ed0000)

Polling page: 0x0000000000580000

CodeCache: size=245760Kb used=7105Kb max_used=7113Kb free=238654Kb
 bounds [0x00000000023a0000, 0x0000000002aa0000, 0x00000000113a0000]
 total_blobs=2080 nmethods=1806 adapters=188
 compilation: enabled

Compilation events (10 events):
Event: 6.358 Thread 0x00000000160df800 nmethod 1806 0x0000000002a8fa90 code [0x0000000002a8fbe0, 0x0000000002a8fd30]
Event: 6.359 Thread 0x0000000014a80800 1807       4       java.lang.Integer::reverseBytes (26 bytes)
Event: 6.359 Thread 0x0000000014a80800 nmethod 1807 0x0000000002a92d10 code [0x0000000002a92e40, 0x0000000002a92eb8]
Event: 6.359 Thread 0x00000000160d1800 nmethod 1797 0x0000000002a93590 code [0x0000000002a93740, 0x0000000002a93f68]
Event: 6.359 Thread 0x00000000160df800 1808       3       sun.security.provider.SHA::implCompress (491 bytes)
Event: 6.360 Thread 0x00000000160df800 nmethod 1808 0x0000000002a97d90 code [0x0000000002a97f80, 0x0000000002a98868]
Event: 6.361 Thread 0x00000000160df800 1809       3       sun.security.provider.ByteArrayAccess::b2iBig64 (614 bytes)
Event: 6.361 Thread 0x0000000014a80800 1810 %     4       sun.security.provider.SHA::implCompress @ 12 (491 bytes)
Event: 6.362 Thread 0x00000000160df800 nmethod 1809 0x0000000002a96750 code [0x0000000002a96960, 0x0000000002a97728]
Event: 6.367 Thread 0x00000000160df800 1811       3       java.util.concurrent.locks.ReentrantLock$Sync::tryRelease (45 bytes)

GC Heap History (4 events):
Event: 3.917 GC heap before
{Heap before GC invocations=1 (full 0):
 PSYoungGen      total 38400K, used 33280K [0x00000000eab00000, 0x00000000ed580000, 0x0000000100000000)
  eden space 33280K, 100% used [0x00000000eab00000,0x00000000ecb80000,0x00000000ecb80000)
  from space 5120K, 0% used [0x00000000ed080000,0x00000000ed080000,0x00000000ed580000)
  to   space 5120K, 0% used [0x00000000ecb80000,0x00000000ecb80000,0x00000000ed080000)
 ParOldGen       total 87552K, used 0K [0x00000000c0000000, 0x00000000c5580000, 0x00000000eab00000)
  object space 87552K, 0% used [0x00000000c0000000,0x00000000c0000000,0x00000000c5580000)
 Metaspace       used 5825K, capacity 6832K, committed 7040K, reserved 1056768K
  class space    used 583K, capacity 616K, committed 640K, reserved 1048576K
Event: 3.975 GC heap after
Heap after GC invocations=1 (full 0):
 PSYoungGen      total 38400K, used 5112K [0x00000000eab00000, 0x00000000ef600000, 0x0000000100000000)
  eden space 33280K, 0% used [0x00000000eab00000,0x00000000eab00000,0x00000000ecb80000)
  from space 5120K, 99% used [0x00000000ecb80000,0x00000000ed07e190,0x00000000ed080000)
  to   space 5120K, 0% used [0x00000000ef100000,0x00000000ef100000,0x00000000ef600000)
 ParOldGen       total 87552K, used 2437K [0x00000000c0000000, 0x00000000c5580000, 0x00000000eab00000)
  object space 87552K, 2% used [0x00000000c0000000,0x00000000c0261508,0x00000000c5580000)
 Metaspace       used 5825K, capacity 6832K, committed 7040K, reserved 1056768K
  class space    used 583K, capacity 616K, committed 640K, reserved 1048576K
}
Event: 4.847 GC heap before
{Heap before GC invocations=2 (full 0):
 PSYoungGen      total 38400K, used 38392K [0x00000000eab00000, 0x00000000ef600000, 0x0000000100000000)
  eden space 33280K, 100% used [0x00000000eab00000,0x00000000ecb80000,0x00000000ecb80000)
  from space 5120K, 99% used [0x00000000ecb80000,0x00000000ed07e190,0x00000000ed080000)
  to   space 5120K, 0% used [0x00000000ef100000,0x00000000ef100000,0x00000000ef600000)
 ParOldGen       total 87552K, used 2437K [0x00000000c0000000, 0x00000000c5580000, 0x00000000eab00000)
  object space 87552K, 2% used [0x00000000c0000000,0x00000000c0261508,0x00000000c5580000)
 Metaspace       used 5936K, capacity 6960K, committed 7040K, reserved 1056768K
  class space    used 587K, capacity 616K, committed 640K, reserved 1048576K
Event: 5.007 GC heap after
Heap after GC invocations=2 (full 0):
 PSYoungGen      total 71680K, used 5112K [0x00000000eab00000, 0x00000000ef600000, 0x0000000100000000)
  eden space 66560K, 0% used [0x00000000eab00000,0x00000000eab00000,0x00000000eec00000)
  from space 5120K, 99% used [0x00000000ef100000,0x00000000ef5fe250,0x00000000ef600000)
  to   space 5120K, 0% used [0x00000000eec00000,0x00000000eec00000,0x00000000ef100000)
 ParOldGen       total 87552K, used 12124K [0x00000000c0000000, 0x00000000c5580000, 0x00000000eab00000)
  object space 87552K, 13% used [0x00000000c0000000,0x00000000c0bd7090,0x00000000c5580000)
 Metaspace       used 5936K, capacity 6960K, committed 7040K, reserved 1056768K
  class space    used 587K, capacity 616K, committed 640K, reserved 1048576K
}

Deoptimization events (10 events):
Event: 5.721 Thread 0x0000000016240800 Uncommon trap: reason=bimorphic action=maybe_recompile pc=0x00000000029c8458 method=java.util.HashMap.putVal(ILjava/lang/Object;Ljava/lang/Object;ZZ)Ljava/lang/Object; @ 203
Event: 5.721 Thread 0x0000000016240800 Uncommon trap: reason=bimorphic action=maybe_recompile pc=0x00000000029c8458 method=java.util.HashMap.putVal(ILjava/lang/Object;Ljava/lang/Object;ZZ)Ljava/lang/Object; @ 203
Event: 5.721 Thread 0x0000000016240800 Uncommon trap: reason=bimorphic action=maybe_recompile pc=0x00000000029c8458 method=java.util.HashMap.putVal(ILjava/lang/Object;Ljava/lang/Object;ZZ)Ljava/lang/Object; @ 203
Event: 5.721 Thread 0x0000000016240800 Uncommon trap: reason=bimorphic action=maybe_recompile pc=0x00000000029c8458 method=java.util.HashMap.putVal(ILjava/lang/Object;Ljava/lang/Object;ZZ)Ljava/lang/Object; @ 203
Event: 5.986 Thread 0x0000000016240800 Uncommon trap: reason=unreached action=reinterpret pc=0x0000000002a0ff2c method=com.android.dx.dex.code.LocalList$MakeState.snapshot(ILcom/android/dx/rop/code/RegisterSpecSet;)V @ 66
Event: 6.340 Thread 0x0000000016240800 Uncommon trap: reason=unreached action=reinterpret pc=0x00000000026baa28 method=java.util.Arrays.copyOf([Ljava/lang/Object;ILjava/lang/Class;)[Ljava/lang/Object; @ 3
Event: 6.344 Thread 0x0000000016240800 Uncommon trap: reason=class_check action=maybe_recompile pc=0x00000000029d5774 method=java.util.HashMap.putVal(ILjava/lang/Object;Ljava/lang/Object;ZZ)Ljava/lang/Object; @ 56
Event: 6.344 Thread 0x0000000016240800 Uncommon trap: reason=class_check action=maybe_recompile pc=0x00000000029d57c8 method=java.util.HashMap.putVal(ILjava/lang/Object;Ljava/lang/Object;ZZ)Ljava/lang/Object; @ 152
Event: 6.344 Thread 0x0000000016240800 Uncommon trap: reason=class_check action=maybe_recompile pc=0x00000000029d5774 method=java.util.HashMap.putVal(ILjava/lang/Object;Ljava/lang/Object;ZZ)Ljava/lang/Object; @ 56
Event: 6.344 Thread 0x0000000016240800 Uncommon trap: reason=class_check action=maybe_recompile pc=0x00000000029d5774 method=java.util.HashMap.putVal(ILjava/lang/Object;Ljava/lang/Object;ZZ)Ljava/lang/Object; @ 56

Internal exceptions (10 events):
Event: 5.920 Thread 0x0000000016240800 Exception <a 'java/security/PrivilegedActionException'> (0x00000000eb2bf5e8) thrown at [D:\re\workspace\8-2-build-windows-amd64-cygwin\jdk8u25\1677\hotspot\src\share\vm\prims\jvm.cpp, line 1312]
Event: 6.108 Thread 0x0000000016240800 Exception <a 'java/security/PrivilegedActionException'> (0x00000000eb37b928) thrown at [D:\re\workspace\8-2-build-windows-amd64-cygwin\jdk8u25\1677\hotspot\src\share\vm\prims\jvm.cpp, line 1312]
Event: 6.110 Thread 0x0000000016240800 Exception <a 'java/security/PrivilegedActionException'> (0x00000000eb387308) thrown at [D:\re\workspace\8-2-build-windows-amd64-cygwin\jdk8u25\1677\hotspot\src\share\vm\prims\jvm.cpp, line 1312]
Event: 6.111 Thread 0x0000000016240800 Exception <a 'java/security/PrivilegedActionException'> (0x00000000eb3905e8) thrown at [D:\re\workspace\8-2-build-windows-amd64-cygwin\jdk8u25\1677\hotspot\src\share\vm\prims\jvm.cpp, line 1312]
Event: 6.111 Thread 0x0000000016240800 Exception <a 'java/security/PrivilegedActionException'> (0x00000000eb393380) thrown at [D:\re\workspace\8-2-build-windows-amd64-cygwin\jdk8u25\1677\hotspot\src\share\vm\prims\jvm.cpp, line 1312]
Event: 6.116 Thread 0x0000000016240800 Exception <a 'java/security/PrivilegedActionException'> (0x00000000eb3b6120) thrown at [D:\re\workspace\8-2-build-windows-amd64-cygwin\jdk8u25\1677\hotspot\src\share\vm\prims\jvm.cpp, line 1312]
Event: 6.128 Thread 0x0000000016240800 Exception <a 'java/security/PrivilegedActionException'> (0x00000000eb3db568) thrown at [D:\re\workspace\8-2-build-windows-amd64-cygwin\jdk8u25\1677\hotspot\src\share\vm\prims\jvm.cpp, line 1312]
Event: 6.129 Thread 0x0000000016240800 Exception <a 'java/security/PrivilegedActionException'> (0x00000000eb3e0c38) thrown at [D:\re\workspace\8-2-build-windows-amd64-cygwin\jdk8u25\1677\hotspot\src\share\vm\prims\jvm.cpp, line 1312]
Event: 6.241 Thread 0x0000000016240800 Exception <a 'java/security/PrivilegedActionException'> (0x00000000eb3e68d0) thrown at [D:\re\workspace\8-2-build-windows-amd64-cygwin\jdk8u25\1677\hotspot\src\share\vm\prims\jvm.cpp, line 1312]
Event: 6.314 Thread 0x0000000016240800 Exception <a 'java/security/PrivilegedActionException'> (0x00000000eb3eab30) thrown at [D:\re\workspace\8-2-build-windows-amd64-cygwin\jdk8u25\1677\hotspot\src\share\vm\prims\jvm.cpp, line 1312]

Events (10 events):
Event: 6.357 loading class sun/security/jca/GetInstance$Instance done
Event: 6.357 loading class java/security/MessageDigest$Delegate
Event: 6.357 loading class java/security/MessageDigest$Delegate done
Event: 6.357 loading class sun/security/provider/ByteArrayAccess
Event: 6.357 loading class sun/security/provider/ByteArrayAccess done
Event: 6.366 loading class java/util/zip/Adler32
Event: 6.366 loading class java/util/zip/Adler32 done
Event: 6.367 Executing VM operation: RevokeBias
Event: 6.367 Executing VM operation: RevokeBias done
Event: 6.367 Thread 0x0000000016240800 Thread exited: 0x0000000016240800


Dynamic libraries:
0x00007ff6d76b0000 - 0x00007ff6d76e4000 	E:\android_develop_tools\java\jdk\bin\java.exe
0x00007ffeb8020000 - 0x00007ffeb81cd000 	C:\windows\SYSTEM32\ntdll.dll
0x00007ffeb60c0000 - 0x00007ffeb61fe000 	C:\windows\system32\KERNEL32.DLL
0x00007ffeb5240000 - 0x00007ffeb5355000 	C:\windows\system32\KERNELBASE.dll
0x00007ffeb3d10000 - 0x00007ffeb3d9e000 	C:\windows\system32\apphelp.dll
0x00007ffe9a6b0000 - 0x00007ffe9a703000 	C:\windows\AppPatch\AppPatch64\AcGenral.DLL
0x00007ffeb7cf0000 - 0x00007ffeb7d9a000 	C:\windows\system32\msvcrt.dll
0x00007ffeb4fa0000 - 0x00007ffeb4fce000 	C:\windows\SYSTEM32\SspiCli.dll
0x00007ffeb7f50000 - 0x00007ffeb7fa4000 	C:\windows\system32\SHLWAPI.dll
0x00007ffeb5f40000 - 0x00007ffeb60b7000 	C:\windows\system32\USER32.dll
0x00007ffeb56a0000 - 0x00007ffeb5834000 	C:\windows\system32\ole32.dll
0x00007ffeb66e0000 - 0x00007ffeb7c0a000 	C:\windows\system32\SHELL32.dll
0x00007ffeb4730000 - 0x00007ffeb4751000 	C:\windows\SYSTEM32\USERENV.dll
0x00007ffeb5dc0000 - 0x00007ffeb5e6a000 	C:\windows\system32\ADVAPI32.dll
0x00007ffea8d90000 - 0x00007ffea8dae000 	C:\windows\SYSTEM32\MPR.dll
0x00007ffeb5c70000 - 0x00007ffeb5db1000 	C:\windows\system32\RPCRT4.dll
0x00007ffeb7fb0000 - 0x00007ffeb8009000 	C:\windows\SYSTEM32\sechost.dll
0x00007ffeb5840000 - 0x00007ffeb5a51000 	C:\windows\SYSTEM32\combase.dll
0x00007ffeb5b20000 - 0x00007ffeb5c70000 	C:\windows\system32\GDI32.dll
0x00007ffeb5170000 - 0x00007ffeb5185000 	C:\windows\SYSTEM32\profapi.dll
0x00007ffeb36c0000 - 0x00007ffeb3772000 	C:\windows\SYSTEM32\SHCORE.dll
0x00007ffeb5e70000 - 0x00007ffeb5ea6000 	C:\windows\system32\IMM32.DLL
0x00007ffeb64b0000 - 0x00007ffeb6602000 	C:\windows\system32\MSCTF.dll
0x00007ffeb2c30000 - 0x00007ffeb2eab000 	C:\windows\WinSxS\amd64_microsoft.windows.common-controls_6595b64144ccf1df_6.0.9600.18006_none_623f33d3ecbe86e8\COMCTL32.dll
0x0000000052170000 - 0x0000000052242000 	E:\android_develop_tools\java\jdk\jre\bin\msvcr100.dll
0x0000000052250000 - 0x0000000052aaa000 	E:\android_develop_tools\java\jdk\jre\bin\server\jvm.dll
0x00007ffeaf710000 - 0x00007ffeaf719000 	C:\windows\SYSTEM32\WSOCK32.dll
0x00007ffeb1510000 - 0x00007ffeb1532000 	C:\windows\SYSTEM32\WINMM.dll
0x00007ffeb62c0000 - 0x00007ffeb62c7000 	C:\windows\system32\PSAPI.DLL
0x00007ffeb7c20000 - 0x00007ffeb7c7a000 	C:\windows\system32\WS2_32.dll
0x00007ffeb1460000 - 0x00007ffeb148a000 	C:\windows\SYSTEM32\WINMMBASE.dll
0x00007ffeb7c10000 - 0x00007ffeb7c19000 	C:\windows\system32\NSI.dll
0x00007ffeb5650000 - 0x00007ffeb569f000 	C:\windows\SYSTEM32\cfgmgr32.dll
0x00007ffeb3f60000 - 0x00007ffeb3f88000 	C:\windows\SYSTEM32\DEVOBJ.dll
0x00000000557f0000 - 0x00000000557ff000 	E:\android_develop_tools\java\jdk\jre\bin\verify.dll
0x00000000557c0000 - 0x00000000557e8000 	E:\android_develop_tools\java\jdk\jre\bin\java.dll
0x00000000557a0000 - 0x00000000557b6000 	E:\android_develop_tools\java\jdk\jre\bin\zip.dll

VM Arguments:
jvm_args: -Djava.awt.headless=true -Xmx1024M -Dfile.encoding=GBK -Duser.country=CN -Duser.language=zh -Duser.variant 
java_command: com.android.dx.command.Main --dex --force-jumbo --num-threads=4 --multi-dex --output E:\android_develop_tools\android_studio_workplace\DailyZHIHU\app\build\intermediates\transforms\dex\debug\folders\1000\5\slice_0_5a9efd6fe10f82ea17316ac36256dce039c1b8db E:\android_develop_tools\android_studio_workplace\DailyZHIHU\app\build\intermediates\transforms\instantRunSlicer\debug\folders\1\5\slice_0
java_class_path (initial): E:\android_develop_tools\android-sdk-windows\build-tools\23.0.2\lib\dx.jar
Launcher Type: SUN_STANDARD

Environment Variables:
JAVA_HOME=E:\android_develop_tools\java\jdk
CLASSPATH=.;E:\android_develop_tools\java\jdk\lib
PATH=E:\tools_for_programing\myoracle\oracle11\product\11.2.0\dbhome_1\bin;E:\tools_for_programing\myoracle\oracle12\product\12.1.0\dbhome_1\bin;C:\windows\system32;C:\windows;C:\windows\system32\wbem;E:\tools_for_programing\myoracle\app\Neil\product\12.1.0\dbhome_1\bin;C:\ProgramData\Oracle\Java\javapath;E:\android_develop_tools\java\jdk\bin;C:\Program Files\Microsoft SQL Server\120\Tools\Binn\;E:\tools_for_programing\matlab2014b\runtime\win64;E:\tools_for_programing\matlab2014b\bin;E:\adt-bundle\sdk\tools;E:\tools_for_programing\nodejs\node_modules\npm;C:\Program Files\nodejs\;E:\android_develop_tools\android-studio-ide-143.2489090-windows\android-studio\gradle\gradle-2.10\bin;G:\softwaresForWorkingOrLearning\Calibre2\;C:\Program Files\Microsoft SQL Server\Client SDK\ODBC\110\Tools\Binn\;C:\Program Files (x86)\Microsoft SQL Server\120\Tools\Binn\;C:\Program Files\Microsoft SQL Server\120\DTS\Binn\;C:\Program Files (x86)\Microsoft SQL Server\120\Tools\Binn\ManagementStudio\;C:\Program Files (x86)\Microsoft SQL Server\120\DTS\Binn\;C:\Program Files (x86)\Windows Kits\8.1\Windows Performance Toolkit\;C:\Program Files\Microsoft SQL Server\110\Tools\Binn\;C:\Program Files (x86)\Microsoft SDKs\TypeScript\1.0\;E:\tools_for_programing\MinGW\bin;E:\android_develop_tools\java\jdk\bin;E:\android_develop_tools\android-sdk-windows\platform-tools;C:\Users\Neil\AppData\Roaming\npm;C:\Users\Neil\AppData\Local\atom\bin;E:\tools_for_programing\Git\bin\
USERNAME=Neil
OS=Windows_NT
PROCESSOR_IDENTIFIER=Intel64 Family 6 Model 60 Stepping 3, GenuineIntel



---------------  S Y S T E M  ---------------

OS: Windows 8.1 , 64 bit Build 9600 

CPU:total 4 (2 cores per cpu, 2 threads per core) family 6 model 60 stepping 3, cmov, cx8, fxsr, mmx, sse, sse2, sse3, ssse3, sse4.1, sse4.2, popcnt, avx, avx2, aes, clmul, erms, lzcnt, ht, tsc, tscinvbit, bmi1, bmi2

Memory: 4k page, physical 8276632k(1526428k free), swap 8276632k(4812k free)

vm_info: Java HotSpot(TM) 64-Bit Server VM (25.25-b02) for windows-amd64 JRE (1.8.0_25-b18), built on Oct  7 2014 14:25:37 by "java_re" with MS VC++ 10.0 (VS2010)

time: Wed Mar 23 17:47:46 2016
elapsed time: 6 seconds (0d 0h 0m 6s)

